2024-12-23 10:13:25.870 [info] [main] Log level: Info
2024-12-23 10:13:25.870 [info] [main] Validating found git in: "git"
2024-12-23 10:13:25.870 [info] [main] Using git "2.34.1" from "git"
2024-12-23 10:13:25.870 [info] [Model][doInitialScan] Initial repository scan started
2024-12-23 10:13:25.870 [info] > git rev-parse --show-toplevel [5ms]
2024-12-23 10:13:25.870 [info] > git rev-parse --git-dir --git-common-dir [1ms]
2024-12-23 10:13:25.870 [info] [Model][openRepository] Opened repository: /home/ubuntu
2024-12-23 10:13:25.870 [info] > git rev-parse --show-toplevel [2ms]
2024-12-23 10:13:25.870 [info] > git config --get commit.template [6ms]
2024-12-23 10:13:25.870 [info] > git rev-parse --show-toplevel [5ms]
2024-12-23 10:13:25.870 [info] > git for-each-ref --format=%(refname)%00%(upstream:short)%00%(objectname)%00%(upstream:track)%00%(upstream:remotename)%00%(upstream:remoteref) refs/heads/master refs/remotes/master [4ms]
2024-12-23 10:13:25.870 [info] > git rev-parse --show-toplevel [16ms]
2024-12-23 10:13:25.870 [info] > git for-each-ref --sort -committerdate --format %(refname) %(objectname) %(*objectname) [3ms]
2024-12-23 10:13:25.870 [info] > git rev-parse --show-toplevel [2ms]
2024-12-23 10:13:25.870 [info] [Model][doInitialScan] Initial repository scan completed - repositories (1), closed repositories (0), parent repositories (0), unsafe repositories (0)
2024-12-23 10:13:25.870 [info] > git status -z -uall [32ms]
2024-12-23 10:13:25.870 [info] > git for-each-ref --format=%(refname)%00%(upstream:short)%00%(objectname)%00%(upstream:track)%00%(upstream:remotename)%00%(upstream:remoteref) refs/heads/master refs/remotes/master [6ms]
2024-12-23 10:13:25.870 [info] > git config --local branch.master.vscode-merge-base [1ms]
2024-12-23 10:13:25.871 [warning] [Git][config] git config failed: Failed to execute git
2024-12-23 10:13:25.871 [info] > git config --get commit.template [8ms]
2024-12-23 10:13:25.871 [info] > git for-each-ref --format=%(refname)%00%(upstream:short)%00%(objectname)%00%(upstream:track)%00%(upstream:remotename)%00%(upstream:remoteref) refs/heads/master refs/remotes/master [79ms]
2024-12-23 10:13:25.871 [info] > git reflog master --grep-reflog=branch: Created from *. [83ms]
2024-12-23 10:13:25.871 [info] > git symbolic-ref --short refs/remotes/origin/HEAD [17ms]
2024-12-23 10:13:25.871 [info] fatal: ref refs/remotes/origin/HEAD is not a symbolic ref
2024-12-23 10:13:25.871 [warning] [Repository][getDefaultBranch] Failed to get default branch details: Failed to execute git.
2024-12-23 10:13:25.871 [info] > git merge-base refs/heads/master refs/remotes/origin/master [2ms]
2024-12-23 10:13:25.871 [info] > git for-each-ref --sort -committerdate --format %(refname) %(objectname) %(*objectname) [12ms]
2024-12-23 10:13:25.871 [info] > git diff --name-status -z --diff-filter=ADMR 7ad80c518895a58830ba0207beab0807c13e9fd6...refs/remotes/origin/master [2ms]
2024-12-23 10:13:25.875 [info] > git status -z -uall [31ms]
2024-12-23 10:13:26.538 [info] > git check-ignore -v -z --stdin [13ms]
2024-12-23 10:13:28.921 [info] > git config --get commit.template [3ms]
2024-12-23 10:13:28.923 [info] > git for-each-ref --format=%(refname)%00%(upstream:short)%00%(objectname)%00%(upstream:track)%00%(upstream:remotename)%00%(upstream:remoteref) refs/heads/master refs/remotes/master [3ms]
2024-12-23 10:13:28.935 [info] > git for-each-ref --sort -committerdate --format %(refname) %(objectname) %(*objectname) [3ms]
2024-12-23 10:13:28.945 [info] > git status -z -uall [20ms]
2024-12-23 10:13:33.957 [info] > git for-each-ref --format=%(refname)%00%(upstream:short)%00%(objectname)%00%(upstream:track)%00%(upstream:remotename)%00%(upstream:remoteref) refs/heads/master refs/remotes/master [0ms]
2024-12-23 10:13:33.958 [info] > git config --get commit.template [7ms]
2024-12-23 10:13:33.970 [info] > git for-each-ref --sort -committerdate --format %(refname) %(objectname) %(*objectname) [7ms]
2024-12-23 10:13:33.989 [info] > git status -z -uall [29ms]
2024-12-23 10:13:39.000 [info] > git config --get commit.template [4ms]
2024-12-23 10:13:39.001 [info] > git for-each-ref --format=%(refname)%00%(upstream:short)%00%(objectname)%00%(upstream:track)%00%(upstream:remotename)%00%(upstream:remoteref) refs/heads/master refs/remotes/master [2ms]
2024-12-23 10:13:39.016 [info] > git for-each-ref --sort -committerdate --format %(refname) %(objectname) %(*objectname) [5ms]
2024-12-23 10:13:39.024 [info] > git status -z -uall [20ms]
2024-12-23 10:13:44.033 [info] > git config --get commit.template [1ms]
2024-12-23 10:13:44.037 [info] > git for-each-ref --format=%(refname)%00%(upstream:short)%00%(objectname)%00%(upstream:track)%00%(upstream:remotename)%00%(upstream:remoteref) refs/heads/master refs/remotes/master [1ms]
2024-12-23 10:13:44.048 [info] > git for-each-ref --sort -committerdate --format %(refname) %(objectname) %(*objectname) [2ms]
2024-12-23 10:13:44.061 [info] > git status -z -uall [20ms]
2024-12-23 10:13:49.072 [info] > git config --get commit.template [4ms]
2024-12-23 10:13:49.073 [info] > git for-each-ref --format=%(refname)%00%(upstream:short)%00%(objectname)%00%(upstream:track)%00%(upstream:remotename)%00%(upstream:remoteref) refs/heads/master refs/remotes/master [2ms]
2024-12-23 10:13:49.084 [info] > git for-each-ref --sort -committerdate --format %(refname) %(objectname) %(*objectname) [2ms]
2024-12-23 10:13:49.096 [info] > git status -z -uall [21ms]
2024-12-23 10:13:50.514 [info] > git check-ignore -v -z --stdin [1ms]
2024-12-23 10:13:50.915 [info] > git show --textconv :gitdemo/test2.txt [3ms]
2024-12-23 10:13:50.918 [info] > git ls-files --stage -- /home/ubuntu/gitdemo/test2.txt [3ms]
2024-12-23 10:13:54.104 [info] > git config --get commit.template [1ms]
2024-12-23 10:13:54.108 [info] > git for-each-ref --format=%(refname)%00%(upstream:short)%00%(objectname)%00%(upstream:track)%00%(upstream:remotename)%00%(upstream:remoteref) refs/heads/master refs/remotes/master [2ms]
2024-12-23 10:13:54.121 [info] > git for-each-ref --sort -committerdate --format %(refname) %(objectname) %(*objectname) [8ms]
2024-12-23 10:13:54.130 [info] > git status -z -uall [20ms]
2024-12-23 10:13:59.139 [info] > git config --get commit.template [1ms]
2024-12-23 10:13:59.143 [info] > git for-each-ref --format=%(refname)%00%(upstream:short)%00%(objectname)%00%(upstream:track)%00%(upstream:remotename)%00%(upstream:remoteref) refs/heads/master refs/remotes/master [1ms]
2024-12-23 10:13:59.156 [info] > git for-each-ref --sort -committerdate --format %(refname) %(objectname) %(*objectname) [4ms]
2024-12-23 10:13:59.167 [info] > git status -z -uall [21ms]
2024-12-23 10:14:01.158 [info] > git blame --root --incremental 7ad80c518895a58830ba0207beab0807c13e9fd6 -- /home/ubuntu/gitdemo/test2.txt [1ms]
2024-12-23 10:14:01.158 [info] fatal: no such path gitdemo/test2.txt in 7ad80c518895a58830ba0207beab0807c13e9fd6
2024-12-23 10:14:04.178 [info] > git config --get commit.template [4ms]
2024-12-23 10:14:04.180 [info] > git for-each-ref --format=%(refname)%00%(upstream:short)%00%(objectname)%00%(upstream:track)%00%(upstream:remotename)%00%(upstream:remoteref) refs/heads/master refs/remotes/master [1ms]
2024-12-23 10:14:04.194 [info] > git for-each-ref --sort -committerdate --format %(refname) %(objectname) %(*objectname) [4ms]
2024-12-23 10:14:04.206 [info] > git status -z -uall [23ms]
2024-12-23 10:14:09.220 [info] > git config --get commit.template [4ms]
2024-12-23 10:14:09.221 [info] > git for-each-ref --format=%(refname)%00%(upstream:short)%00%(objectname)%00%(upstream:track)%00%(upstream:remotename)%00%(upstream:remoteref) refs/heads/master refs/remotes/master [3ms]
2024-12-23 10:14:09.238 [info] > git for-each-ref --sort -committerdate --format %(refname) %(objectname) %(*objectname) [8ms]
2024-12-23 10:14:09.248 [info] > git status -z -uall [25ms]
2024-12-23 10:14:09.597 [info] > git show --textconv :test1.txt [4ms]
2024-12-23 10:14:09.599 [info] > git ls-files --stage -- /home/ubuntu/test1.txt [3ms]
2024-12-23 10:14:09.603 [info] > git cat-file -s 0f44fecd43ebbe522398f3810bef7b979849460e [1ms]
2024-12-23 10:14:11.713 [info] > git blame --root --incremental 7ad80c518895a58830ba0207beab0807c13e9fd6 -- /home/ubuntu/test1.txt [2ms]
2024-12-23 10:14:14.256 [info] > git config --get commit.template [1ms]
2024-12-23 10:14:14.259 [info] > git for-each-ref --format=%(refname)%00%(upstream:short)%00%(objectname)%00%(upstream:track)%00%(upstream:remotename)%00%(upstream:remoteref) refs/heads/master refs/remotes/master [1ms]
2024-12-23 10:14:14.272 [info] > git for-each-ref --sort -committerdate --format %(refname) %(objectname) %(*objectname) [2ms]
2024-12-23 10:14:14.284 [info] > git status -z -uall [22ms]
2024-12-23 10:14:19.296 [info] > git for-each-ref --format=%(refname)%00%(upstream:short)%00%(objectname)%00%(upstream:track)%00%(upstream:remotename)%00%(upstream:remoteref) refs/heads/master refs/remotes/master [1ms]
2024-12-23 10:14:19.296 [info] > git config --get commit.template [5ms]
2024-12-23 10:14:19.308 [info] > git for-each-ref --sort -committerdate --format %(refname) %(objectname) %(*objectname) [6ms]
2024-12-23 10:14:19.319 [info] > git status -z -uall [20ms]
2024-12-23 10:14:24.333 [info] > git config --get commit.template [6ms]
2024-12-23 10:14:24.333 [info] > git for-each-ref --format=%(refname)%00%(upstream:short)%00%(objectname)%00%(upstream:track)%00%(upstream:remotename)%00%(upstream:remoteref) refs/heads/master refs/remotes/master [2ms]
2024-12-23 10:14:24.340 [info] > git for-each-ref --sort -committerdate --format %(refname) %(objectname) %(*objectname) [0ms]
2024-12-23 10:14:24.356 [info] > git status -z -uall [21ms]
2024-12-23 10:14:29.365 [info] > git config --get commit.template [3ms]
2024-12-23 10:14:29.368 [info] > git for-each-ref --format=%(refname)%00%(upstream:short)%00%(objectname)%00%(upstream:track)%00%(upstream:remotename)%00%(upstream:remoteref) refs/heads/master refs/remotes/master [1ms]
2024-12-23 10:14:29.378 [info] > git for-each-ref --sort -committerdate --format %(refname) %(objectname) %(*objectname) [4ms]
2024-12-23 10:14:29.390 [info] > git status -z -uall [19ms]
2024-12-23 10:14:34.403 [info] > git for-each-ref --format=%(refname)%00%(upstream:short)%00%(objectname)%00%(upstream:track)%00%(upstream:remotename)%00%(upstream:remoteref) refs/heads/master refs/remotes/master [2ms]
2024-12-23 10:14:34.403 [info] > git config --get commit.template [5ms]
2024-12-23 10:14:34.414 [info] > git for-each-ref --sort -committerdate --format %(refname) %(objectname) %(*objectname) [5ms]
2024-12-23 10:14:34.425 [info] > git status -z -uall [19ms]
2024-12-23 10:14:39.435 [info] > git config --get commit.template [0ms]
2024-12-23 10:14:39.442 [info] > git for-each-ref --format=%(refname)%00%(upstream:short)%00%(objectname)%00%(upstream:track)%00%(upstream:remotename)%00%(upstream:remoteref) refs/heads/master refs/remotes/master [5ms]
2024-12-23 10:14:39.454 [info] > git for-each-ref --sort -committerdate --format %(refname) %(objectname) %(*objectname) [2ms]
2024-12-23 10:14:39.465 [info] > git status -z -uall [20ms]
2024-12-23 10:14:44.473 [info] > git config --get commit.template [2ms]
2024-12-23 10:14:44.477 [info] > git for-each-ref --format=%(refname)%00%(upstream:short)%00%(objectname)%00%(upstream:track)%00%(upstream:remotename)%00%(upstream:remoteref) refs/heads/master refs/remotes/master [2ms]
2024-12-23 10:14:44.493 [info] > git for-each-ref --sort -committerdate --format %(refname) %(objectname) %(*objectname) [4ms]
2024-12-23 10:14:44.500 [info] > git status -z -uall [21ms]
2024-12-23 10:14:49.508 [info] > git config --get commit.template [1ms]
2024-12-23 10:14:49.512 [info] > git for-each-ref --format=%(refname)%00%(upstream:short)%00%(objectname)%00%(upstream:track)%00%(upstream:remotename)%00%(upstream:remoteref) refs/heads/master refs/remotes/master [1ms]
2024-12-23 10:14:49.525 [info] > git for-each-ref --sort -committerdate --format %(refname) %(objectname) %(*objectname) [4ms]
2024-12-23 10:14:49.535 [info] > git status -z -uall [20ms]
2024-12-23 10:14:51.441 [info] > git ls-files --stage -- /home/ubuntu/test1.txt [2ms]
2024-12-23 10:14:51.451 [info] > git cat-file -s 0f44fecd43ebbe522398f3810bef7b979849460e [7ms]
2024-12-23 10:14:51.695 [info] > git show --textconv :test1.txt [2ms]
2024-12-23 10:14:54.543 [info] > git config --get commit.template [2ms]
2024-12-23 10:14:54.550 [info] > git for-each-ref --format=%(refname)%00%(upstream:short)%00%(objectname)%00%(upstream:track)%00%(upstream:remotename)%00%(upstream:remoteref) refs/heads/master refs/remotes/master [1ms]
2024-12-23 10:14:54.565 [info] > git for-each-ref --sort -committerdate --format %(refname) %(objectname) %(*objectname) [8ms]
2024-12-23 10:14:54.575 [info] > git status -z -uall [21ms]
2024-12-23 10:14:59.585 [info] > git config --get commit.template [2ms]
2024-12-23 10:14:59.589 [info] > git for-each-ref --format=%(refname)%00%(upstream:short)%00%(objectname)%00%(upstream:track)%00%(upstream:remotename)%00%(upstream:remoteref) refs/heads/master refs/remotes/master [2ms]
2024-12-23 10:14:59.602 [info] > git for-each-ref --sort -committerdate --format %(refname) %(objectname) %(*objectname) [3ms]
2024-12-23 10:14:59.608 [info] > git status -z -uall [17ms]
2024-12-23 10:15:04.618 [info] > git config --get commit.template [1ms]
2024-12-23 10:15:04.621 [info] > git for-each-ref --format=%(refname)%00%(upstream:short)%00%(objectname)%00%(upstream:track)%00%(upstream:remotename)%00%(upstream:remoteref) refs/heads/master refs/remotes/master [0ms]
2024-12-23 10:15:04.638 [info] > git for-each-ref --sort -committerdate --format %(refname) %(objectname) %(*objectname) [5ms]
2024-12-23 10:15:04.643 [info] > git status -z -uall [18ms]
2024-12-23 10:15:09.656 [info] > git config --get commit.template [5ms]
2024-12-23 10:15:09.656 [info] > git for-each-ref --format=%(refname)%00%(upstream:short)%00%(objectname)%00%(upstream:track)%00%(upstream:remotename)%00%(upstream:remoteref) refs/heads/master refs/remotes/master [2ms]
2024-12-23 10:15:09.670 [info] > git for-each-ref --sort -committerdate --format %(refname) %(objectname) %(*objectname) [8ms]
2024-12-23 10:15:09.677 [info] > git status -z -uall [19ms]
2024-12-23 10:15:14.684 [info] > git config --get commit.template [1ms]
2024-12-23 10:15:14.688 [info] > git for-each-ref --format=%(refname)%00%(upstream:short)%00%(objectname)%00%(upstream:track)%00%(upstream:remotename)%00%(upstream:remoteref) refs/heads/master refs/remotes/master [1ms]
2024-12-23 10:15:14.700 [info] > git for-each-ref --sort -committerdate --format %(refname) %(objectname) %(*objectname) [2ms]
2024-12-23 10:15:14.709 [info] > git status -z -uall [19ms]
2024-12-23 10:15:19.719 [info] > git config --get commit.template [3ms]
2024-12-23 10:15:19.723 [info] > git for-each-ref --format=%(refname)%00%(upstream:short)%00%(objectname)%00%(upstream:track)%00%(upstream:remotename)%00%(upstream:remoteref) refs/heads/master refs/remotes/master [1ms]
2024-12-23 10:15:19.734 [info] > git for-each-ref --sort -committerdate --format %(refname) %(objectname) %(*objectname) [1ms]
2024-12-23 10:15:19.743 [info] > git status -z -uall [17ms]
2024-12-23 10:15:24.751 [info] > git config --get commit.template [3ms]
2024-12-23 10:15:24.753 [info] > git for-each-ref --format=%(refname)%00%(upstream:short)%00%(objectname)%00%(upstream:track)%00%(upstream:remotename)%00%(upstream:remoteref) refs/heads/master refs/remotes/master [2ms]
2024-12-23 10:15:24.766 [info] > git for-each-ref --sort -committerdate --format %(refname) %(objectname) %(*objectname) [3ms]
2024-12-23 10:15:24.772 [info] > git status -z -uall [17ms]
2024-12-23 10:15:27.513 [info] > git config --get commit.template [3ms]
2024-12-23 10:15:27.516 [info] > git for-each-ref --format=%(refname)%00%(upstream:short)%00%(objectname)%00%(upstream:track)%00%(upstream:remotename)%00%(upstream:remoteref) refs/heads/master refs/remotes/master [2ms]
2024-12-23 10:15:27.528 [info] > git for-each-ref --sort -committerdate --format %(refname) %(objectname) %(*objectname) [3ms]
2024-12-23 10:15:27.536 [info] > git status -z -uall [17ms]
2024-12-23 10:15:28.323 [info] > git show --textconv HEAD:test1.txt [3ms]
2024-12-23 10:15:28.325 [info] > git ls-tree -l HEAD -- /home/ubuntu/test1.txt [3ms]
2024-12-23 10:15:28.864 [info] > git ls-tree -l HEAD -- /home/ubuntu/test1.txt [2ms]
2024-12-23 10:15:28.864 [info] > git ls-files --stage -- /home/ubuntu/test1.txt [5ms]
2024-12-23 10:15:28.867 [info] > git cat-file -s d0d26cb8b96375b0cbd8f4a1b08c194f4115ec2c [1ms]
2024-12-23 10:15:29.143 [info] > git show --textconv HEAD:test1.txt [5ms]
2024-12-23 10:15:29.145 [info] > git show --textconv :test1.txt [4ms]
2024-12-23 10:15:29.780 [info] > git config --get commit.template [1ms]
2024-12-23 10:15:29.785 [info] > git for-each-ref --format=%(refname)%00%(upstream:short)%00%(objectname)%00%(upstream:track)%00%(upstream:remotename)%00%(upstream:remoteref) refs/heads/master refs/remotes/master [3ms]
2024-12-23 10:15:29.796 [info] > git for-each-ref --sort -committerdate --format %(refname) %(objectname) %(*objectname) [1ms]
2024-12-23 10:15:29.805 [info] > git status -z -uall [17ms]
2024-12-23 10:15:32.728 [info] > git ls-tree -l HEAD -- /home/ubuntu/test1.txt [1ms]
2024-12-23 10:15:32.728 [info] > git ls-files --stage -- /home/ubuntu/test1.txt [8ms]
2024-12-23 10:15:32.734 [info] > git cat-file -s d0d26cb8b96375b0cbd8f4a1b08c194f4115ec2c [1ms]
2024-12-23 10:15:33.054 [info] > git show --textconv HEAD:test1.txt [6ms]
2024-12-23 10:15:33.056 [info] > git show --textconv :test1.txt [3ms]
2024-12-23 10:15:34.815 [info] > git config --get commit.template [3ms]
2024-12-23 10:15:34.816 [info] > git for-each-ref --format=%(refname)%00%(upstream:short)%00%(objectname)%00%(upstream:track)%00%(upstream:remotename)%00%(upstream:remoteref) refs/heads/master refs/remotes/master [1ms]
2024-12-23 10:15:34.829 [info] > git for-each-ref --sort -committerdate --format %(refname) %(objectname) %(*objectname) [3ms]
2024-12-23 10:15:34.836 [info] > git status -z -uall [17ms]
2024-12-23 10:15:39.842 [info] > git config --get commit.template [0ms]
2024-12-23 10:15:39.845 [info] > git for-each-ref --format=%(refname)%00%(upstream:short)%00%(objectname)%00%(upstream:track)%00%(upstream:remotename)%00%(upstream:remoteref) refs/heads/master refs/remotes/master [0ms]
2024-12-23 10:15:39.856 [info] > git for-each-ref --sort -committerdate --format %(refname) %(objectname) %(*objectname) [5ms]
2024-12-23 10:15:39.866 [info] > git status -z -uall [18ms]
2024-12-23 10:15:44.875 [info] > git config --get commit.template [3ms]
2024-12-23 10:15:44.877 [info] > git for-each-ref --format=%(refname)%00%(upstream:short)%00%(objectname)%00%(upstream:track)%00%(upstream:remotename)%00%(upstream:remoteref) refs/heads/master refs/remotes/master [2ms]
2024-12-23 10:15:44.892 [info] > git for-each-ref --sort -committerdate --format %(refname) %(objectname) %(*objectname) [6ms]
2024-12-23 10:15:44.898 [info] > git status -z -uall [18ms]
2024-12-23 10:15:48.749 [info] > git config --get commit.template [3ms]
2024-12-23 10:15:48.753 [info] > git for-each-ref --format=%(refname)%00%(upstream:short)%00%(objectname)%00%(upstream:track)%00%(upstream:remotename)%00%(upstream:remoteref) refs/heads/master refs/remotes/master [2ms]
2024-12-23 10:15:48.766 [info] > git for-each-ref --sort -committerdate --format %(refname) %(objectname) %(*objectname) [6ms]
2024-12-23 10:15:48.773 [info] > git status -z -uall [17ms]
2024-12-23 10:15:49.908 [info] > git config --get commit.template [1ms]
2024-12-23 10:15:49.911 [info] > git for-each-ref --format=%(refname)%00%(upstream:short)%00%(objectname)%00%(upstream:track)%00%(upstream:remotename)%00%(upstream:remoteref) refs/heads/master refs/remotes/master [1ms]
2024-12-23 10:15:49.926 [info] > git for-each-ref --sort -committerdate --format %(refname) %(objectname) %(*objectname) [5ms]
2024-12-23 10:15:49.931 [info] > git status -z -uall [17ms]
2024-12-23 10:17:29.456 [info] > git config --get commit.template [4ms]
2024-12-23 10:17:29.459 [info] > git for-each-ref --format=%(refname)%00%(upstream:short)%00%(objectname)%00%(upstream:track)%00%(upstream:remotename)%00%(upstream:remoteref) refs/heads/master refs/remotes/master [3ms]
2024-12-23 10:17:29.467 [info] > git for-each-ref --sort -committerdate --format %(refname) %(objectname) %(*objectname) [3ms]
2024-12-23 10:17:29.479 [info] > git status -z -uall [17ms]
2024-12-23 10:17:34.485 [info] > git config --get commit.template [2ms]
2024-12-23 10:17:34.489 [info] > git for-each-ref --format=%(refname)%00%(upstream:short)%00%(objectname)%00%(upstream:track)%00%(upstream:remotename)%00%(upstream:remoteref) refs/heads/master refs/remotes/master [2ms]
2024-12-23 10:17:34.500 [info] > git for-each-ref --sort -committerdate --format %(refname) %(objectname) %(*objectname) [1ms]
2024-12-23 10:17:34.509 [info] > git status -z -uall [17ms]
2024-12-23 10:17:38.634 [info] > git config --get commit.template [1ms]
2024-12-23 10:17:38.638 [info] > git for-each-ref --format=%(refname)%00%(upstream:short)%00%(objectname)%00%(upstream:track)%00%(upstream:remotename)%00%(upstream:remoteref) refs/heads/master refs/remotes/master [1ms]
2024-12-23 10:17:38.651 [info] > git for-each-ref --sort -committerdate --format %(refname) %(objectname) %(*objectname) [2ms]
2024-12-23 10:17:38.660 [info] > git status -z -uall [20ms]
2024-12-23 10:17:39.520 [info] > git config --get commit.template [4ms]
2024-12-23 10:17:39.521 [info] > git for-each-ref --format=%(refname)%00%(upstream:short)%00%(objectname)%00%(upstream:track)%00%(upstream:remotename)%00%(upstream:remoteref) refs/heads/master refs/remotes/master [2ms]
2024-12-23 10:17:39.534 [info] > git for-each-ref --sort -committerdate --format %(refname) %(objectname) %(*objectname) [3ms]
2024-12-23 10:17:39.540 [info] > git status -z -uall [17ms]
2024-12-23 10:17:39.967 [info] > git ls-files --stage -- /home/ubuntu/test1.txt [3ms]
2024-12-23 10:17:39.970 [info] > git ls-tree -l HEAD -- /home/ubuntu/test1.txt [3ms]
2024-12-23 10:17:39.972 [info] > git cat-file -s d0d26cb8b96375b0cbd8f4a1b08c194f4115ec2c [2ms]
2024-12-23 10:17:40.243 [info] > git show --textconv HEAD:test1.txt [4ms]
2024-12-23 10:17:40.246 [info] > git show --textconv :test1.txt [3ms]
2024-12-23 10:17:44.554 [info] > git config --get commit.template [4ms]
2024-12-23 10:17:44.555 [info] > git for-each-ref --format=%(refname)%00%(upstream:short)%00%(objectname)%00%(upstream:track)%00%(upstream:remotename)%00%(upstream:remoteref) refs/heads/master refs/remotes/master [4ms]
2024-12-23 10:17:44.568 [info] > git for-each-ref --sort -committerdate --format %(refname) %(objectname) %(*objectname) [0ms]
2024-12-23 10:17:44.577 [info] > git status -z -uall [19ms]
2024-12-23 10:17:46.069 [info] > git ls-files --stage -- /home/ubuntu/test1.txt [5ms]
2024-12-23 10:17:46.074 [info] > git cat-file -s d0d26cb8b96375b0cbd8f4a1b08c194f4115ec2c [2ms]
2024-12-23 10:17:46.074 [info] > git ls-tree -l HEAD -- /home/ubuntu/test1.txt [6ms]
2024-12-23 10:17:46.344 [info] > git show --textconv :test1.txt [4ms]
2024-12-23 10:17:46.346 [info] > git show --textconv HEAD:test1.txt [2ms]
2024-12-23 10:17:49.590 [info] > git config --get commit.template [3ms]
2024-12-23 10:17:49.592 [info] > git for-each-ref --format=%(refname)%00%(upstream:short)%00%(objectname)%00%(upstream:track)%00%(upstream:remotename)%00%(upstream:remoteref) refs/heads/master refs/remotes/master [3ms]
2024-12-23 10:17:49.601 [info] > git for-each-ref --sort -committerdate --format %(refname) %(objectname) %(*objectname) [4ms]
2024-12-23 10:17:49.613 [info] > git status -z -uall [19ms]
2024-12-23 10:17:54.622 [info] > git config --get commit.template [1ms]
2024-12-23 10:17:54.626 [info] > git for-each-ref --format=%(refname)%00%(upstream:short)%00%(objectname)%00%(upstream:track)%00%(upstream:remotename)%00%(upstream:remoteref) refs/heads/master refs/remotes/master [2ms]
2024-12-23 10:17:54.640 [info] > git for-each-ref --sort -committerdate --format %(refname) %(objectname) %(*objectname) [4ms]
2024-12-23 10:17:54.648 [info] > git status -z -uall [18ms]
2024-12-23 10:17:59.656 [info] > git config --get commit.template [2ms]
2024-12-23 10:17:59.660 [info] > git for-each-ref --format=%(refname)%00%(upstream:short)%00%(objectname)%00%(upstream:track)%00%(upstream:remotename)%00%(upstream:remoteref) refs/heads/master refs/remotes/master [1ms]
2024-12-23 10:17:59.675 [info] > git for-each-ref --sort -committerdate --format %(refname) %(objectname) %(*objectname) [4ms]
2024-12-23 10:17:59.682 [info] > git status -z -uall [19ms]
2024-12-23 10:18:04.694 [info] > git config --get commit.template [4ms]
2024-12-23 10:18:04.696 [info] > git for-each-ref --format=%(refname)%00%(upstream:short)%00%(objectname)%00%(upstream:track)%00%(upstream:remotename)%00%(upstream:remoteref) refs/heads/master refs/remotes/master [3ms]
2024-12-23 10:18:04.704 [info] > git for-each-ref --sort -committerdate --format %(refname) %(objectname) %(*objectname) [2ms]
2024-12-23 10:18:04.719 [info] > git status -z -uall [19ms]
2024-12-23 10:18:09.728 [info] > git config --get commit.template [4ms]
2024-12-23 10:18:09.729 [info] > git for-each-ref --format=%(refname)%00%(upstream:short)%00%(objectname)%00%(upstream:track)%00%(upstream:remotename)%00%(upstream:remoteref) refs/heads/master refs/remotes/master [1ms]
2024-12-23 10:18:09.736 [info] > git for-each-ref --sort -committerdate --format %(refname) %(objectname) %(*objectname) [2ms]
2024-12-23 10:18:09.749 [info] > git status -z -uall [18ms]
2024-12-23 10:18:14.758 [info] > git config --get commit.template [3ms]
2024-12-23 10:18:14.760 [info] > git for-each-ref --format=%(refname)%00%(upstream:short)%00%(objectname)%00%(upstream:track)%00%(upstream:remotename)%00%(upstream:remoteref) refs/heads/master refs/remotes/master [2ms]
2024-12-23 10:18:14.772 [info] > git for-each-ref --sort -committerdate --format %(refname) %(objectname) %(*objectname) [7ms]
2024-12-23 10:18:14.780 [info] > git status -z -uall [18ms]
2024-12-23 10:18:17.242 [info] > git config --get commit.template [4ms]
2024-12-23 10:18:17.244 [info] > git for-each-ref --format=%(refname)%00%(upstream:short)%00%(objectname)%00%(upstream:track)%00%(upstream:remotename)%00%(upstream:remoteref) refs/heads/master refs/remotes/master [3ms]
2024-12-23 10:18:17.256 [info] > git for-each-ref --sort -committerdate --format %(refname) %(objectname) %(*objectname) [6ms]
2024-12-23 10:18:17.264 [info] > git status -z -uall [17ms]
2024-12-23 10:18:17.275 [info] > git blame --root --incremental 1b61cf66dd9f226d52cf4e202f19cfad0a4ee62f -- /home/ubuntu/test1.txt [5ms]
2024-12-23 10:18:17.276 [info] > git merge-base refs/heads/master refs/remotes/origin/master [3ms]
2024-12-23 10:18:17.281 [info] > git diff --name-status -z --diff-filter=ADMR 7ad80c518895a58830ba0207beab0807c13e9fd6...refs/remotes/origin/master [1ms]
2024-12-23 10:18:18.658 [info] > git ls-files --stage -- /home/ubuntu/test1.txt [2ms]
2024-12-23 10:18:18.661 [info] > git cat-file -s d0d26cb8b96375b0cbd8f4a1b08c194f4115ec2c [1ms]
2024-12-23 10:18:18.928 [info] > git show --textconv :test1.txt [2ms]
2024-12-23 10:18:19.787 [info] > git config --get commit.template [0ms]
2024-12-23 10:18:19.791 [info] > git for-each-ref --format=%(refname)%00%(upstream:short)%00%(objectname)%00%(upstream:track)%00%(upstream:remotename)%00%(upstream:remoteref) refs/heads/master refs/remotes/master [0ms]
2024-12-23 10:18:19.809 [info] > git for-each-ref --sort -committerdate --format %(refname) %(objectname) %(*objectname) [0ms]
2024-12-23 10:18:19.812 [info] > git status -z -uall [17ms]
2024-12-23 10:18:50.934 [info] > git config --get commit.template [0ms]
2024-12-23 10:18:50.938 [info] > git for-each-ref --format=%(refname)%00%(upstream:short)%00%(objectname)%00%(upstream:track)%00%(upstream:remotename)%00%(upstream:remoteref) refs/heads/master refs/remotes/master [1ms]
2024-12-23 10:18:50.953 [info] > git for-each-ref --sort -committerdate --format %(refname) %(objectname) %(*objectname) [8ms]
2024-12-23 10:18:50.960 [info] > git status -z -uall [18ms]
2024-12-23 10:18:55.970 [info] > git config --get commit.template [5ms]
2024-12-23 10:18:55.972 [info] > git for-each-ref --format=%(refname)%00%(upstream:short)%00%(objectname)%00%(upstream:track)%00%(upstream:remotename)%00%(upstream:remoteref) refs/heads/master refs/remotes/master [1ms]
2024-12-23 10:18:55.983 [info] > git for-each-ref --sort -committerdate --format %(refname) %(objectname) %(*objectname) [4ms]
2024-12-23 10:18:55.992 [info] > git status -z -uall [17ms]
2024-12-23 10:19:01.004 [info] > git config --get commit.template [5ms]
2024-12-23 10:19:01.008 [info] > git for-each-ref --format=%(refname)%00%(upstream:short)%00%(objectname)%00%(upstream:track)%00%(upstream:remotename)%00%(upstream:remoteref) refs/heads/master refs/remotes/master [3ms]
2024-12-23 10:19:01.025 [info] > git for-each-ref --sort -committerdate --format %(refname) %(objectname) %(*objectname) [8ms]
2024-12-23 10:19:01.041 [info] > git status -z -uall [28ms]
2024-12-23 10:19:01.555 [info] > git config --get commit.template [0ms]
2024-12-23 10:19:01.560 [info] > git for-each-ref --format=%(refname)%00%(upstream:short)%00%(objectname)%00%(upstream:track)%00%(upstream:remotename)%00%(upstream:remoteref) refs/heads/master refs/remotes/master [2ms]
2024-12-23 10:19:01.571 [info] > git for-each-ref --sort -committerdate --format %(refname) %(objectname) %(*objectname) [4ms]
2024-12-23 10:19:01.581 [info] > git status -z -uall [18ms]
2024-12-23 10:19:01.589 [info] > git merge-base refs/heads/master refs/remotes/origin/master [3ms]
2024-12-23 10:19:01.592 [info] > git diff --name-status -z --diff-filter=ADMR 1b61cf66dd9f226d52cf4e202f19cfad0a4ee62f...refs/remotes/origin/master [1ms]
2024-12-23 10:19:02.983 [info] > git ls-files --stage -- /home/ubuntu/test1.txt [2ms]
2024-12-23 10:19:02.987 [info] > git cat-file -s d0d26cb8b96375b0cbd8f4a1b08c194f4115ec2c [2ms]
2024-12-23 10:19:03.236 [info] > git show --textconv :test1.txt [2ms]
2024-12-23 10:19:06.049 [info] > git config --get commit.template [1ms]
2024-12-23 10:19:06.053 [info] > git for-each-ref --format=%(refname)%00%(upstream:short)%00%(objectname)%00%(upstream:track)%00%(upstream:remotename)%00%(upstream:remoteref) refs/heads/master refs/remotes/master [1ms]
2024-12-23 10:19:06.066 [info] > git for-each-ref --sort -committerdate --format %(refname) %(objectname) %(*objectname) [1ms]
2024-12-23 10:19:06.073 [info] > git status -z -uall [16ms]
2024-12-23 10:19:59.635 [info] > git config --get commit.template [1ms]
2024-12-23 10:19:59.638 [info] > git for-each-ref --format=%(refname)%00%(upstream:short)%00%(objectname)%00%(upstream:track)%00%(upstream:remotename)%00%(upstream:remoteref) refs/heads/master refs/remotes/master [0ms]
2024-12-23 10:19:59.645 [info] > git for-each-ref --sort -committerdate --format %(refname) %(objectname) %(*objectname) [0ms]
2024-12-23 10:19:59.658 [info] > git status -z -uall [17ms]
2024-12-23 10:20:04.667 [info] > git config --get commit.template [3ms]
2024-12-23 10:20:04.669 [info] > git for-each-ref --format=%(refname)%00%(upstream:short)%00%(objectname)%00%(upstream:track)%00%(upstream:remotename)%00%(upstream:remoteref) refs/heads/master refs/remotes/master [2ms]
2024-12-23 10:20:04.682 [info] > git for-each-ref --sort -committerdate --format %(refname) %(objectname) %(*objectname) [3ms]
2024-12-23 10:20:04.689 [info] > git status -z -uall [17ms]
2024-12-23 10:20:09.700 [info] > git config --get commit.template [3ms]
2024-12-23 10:20:09.700 [info] > git for-each-ref --format=%(refname)%00%(upstream:short)%00%(objectname)%00%(upstream:track)%00%(upstream:remotename)%00%(upstream:remoteref) refs/heads/master refs/remotes/master [2ms]
2024-12-23 10:20:09.713 [info] > git for-each-ref --sort -committerdate --format %(refname) %(objectname) %(*objectname) [4ms]
2024-12-23 10:20:09.719 [info] > git status -z -uall [16ms]
2024-12-23 10:20:15.307 [info] > git config --get commit.template [3ms]
2024-12-23 10:20:15.309 [info] > git for-each-ref --format=%(refname)%00%(upstream:short)%00%(objectname)%00%(upstream:track)%00%(upstream:remotename)%00%(upstream:remoteref) refs/heads/master refs/remotes/master [2ms]
2024-12-23 10:20:15.321 [info] > git for-each-ref --sort -committerdate --format %(refname) %(objectname) %(*objectname) [6ms]
2024-12-23 10:20:15.334 [info] > git status -z -uall [22ms]
2024-12-23 10:20:20.345 [info] > git config --get commit.template [3ms]
2024-12-23 10:20:20.345 [info] > git for-each-ref --format=%(refname)%00%(upstream:short)%00%(objectname)%00%(upstream:track)%00%(upstream:remotename)%00%(upstream:remoteref) refs/heads/master refs/remotes/master [2ms]
2024-12-23 10:20:20.359 [info] > git for-each-ref --sort -committerdate --format %(refname) %(objectname) %(*objectname) [6ms]
2024-12-23 10:20:20.366 [info] > git status -z -uall [18ms]
2024-12-23 10:20:25.376 [info] > git config --get commit.template [4ms]
2024-12-23 10:20:25.377 [info] > git for-each-ref --format=%(refname)%00%(upstream:short)%00%(objectname)%00%(upstream:track)%00%(upstream:remotename)%00%(upstream:remoteref) refs/heads/master refs/remotes/master [1ms]
2024-12-23 10:20:25.391 [info] > git for-each-ref --sort -committerdate --format %(refname) %(objectname) %(*objectname) [5ms]
2024-12-23 10:20:25.397 [info] > git status -z -uall [17ms]
2024-12-23 10:20:30.404 [info] > git config --get commit.template [1ms]
2024-12-23 10:20:30.408 [info] > git for-each-ref --format=%(refname)%00%(upstream:short)%00%(objectname)%00%(upstream:track)%00%(upstream:remotename)%00%(upstream:remoteref) refs/heads/master refs/remotes/master [1ms]
2024-12-23 10:20:30.414 [info] > git for-each-ref --sort -committerdate --format %(refname) %(objectname) %(*objectname) [0ms]
2024-12-23 10:20:30.428 [info] > git status -z -uall [17ms]
2024-12-23 10:20:35.437 [info] > git config --get commit.template [4ms]
2024-12-23 10:20:35.437 [info] > git for-each-ref --format=%(refname)%00%(upstream:short)%00%(objectname)%00%(upstream:track)%00%(upstream:remotename)%00%(upstream:remoteref) refs/heads/master refs/remotes/master [2ms]
2024-12-23 10:20:35.449 [info] > git for-each-ref --sort -committerdate --format %(refname) %(objectname) %(*objectname) [6ms]
2024-12-23 10:20:35.460 [info] > git status -z -uall [20ms]
2024-12-23 10:20:36.233 [info] > git check-ignore -v -z --stdin [2ms]
2024-12-23 10:20:36.452 [info] > git show --textconv :gitdemo/test3.txt [4ms]
2024-12-23 10:20:36.454 [info] > git ls-files --stage -- /home/ubuntu/gitdemo/test3.txt [2ms]
2024-12-23 10:20:40.471 [info] > git config --get commit.template [6ms]
2024-12-23 10:20:40.473 [info] > git for-each-ref --format=%(refname)%00%(upstream:short)%00%(objectname)%00%(upstream:track)%00%(upstream:remotename)%00%(upstream:remoteref) refs/heads/master refs/remotes/master [4ms]
2024-12-23 10:20:40.484 [info] > git for-each-ref --sort -committerdate --format %(refname) %(objectname) %(*objectname) [4ms]
2024-12-23 10:20:40.493 [info] > git status -z -uall [18ms]
2024-12-23 10:20:43.148 [info] > git show --textconv :gitdemo/test2.txt [4ms]
2024-12-23 10:20:43.150 [info] > git ls-files --stage -- /home/ubuntu/gitdemo/test2.txt [3ms]
2024-12-23 10:20:43.153 [info] > git cat-file -s 23527771ce848bf547635fe82c1007f0eeb180ac [2ms]
2024-12-23 10:20:43.438 [info] > git blame --root --incremental 1b61cf66dd9f226d52cf4e202f19cfad0a4ee62f -- /home/ubuntu/gitdemo/test2.txt [2ms]
2024-12-23 10:20:45.502 [info] > git config --get commit.template [5ms]
2024-12-23 10:20:45.503 [info] > git for-each-ref --format=%(refname)%00%(upstream:short)%00%(objectname)%00%(upstream:track)%00%(upstream:remotename)%00%(upstream:remoteref) refs/heads/master refs/remotes/master [2ms]
2024-12-23 10:20:45.515 [info] > git for-each-ref --sort -committerdate --format %(refname) %(objectname) %(*objectname) [6ms]
2024-12-23 10:20:45.523 [info] > git status -z -uall [17ms]
2024-12-23 10:20:50.008 [info] > git show --textconv :gitdemo/test3.txt [5ms]
2024-12-23 10:20:50.010 [info] > git ls-files --stage -- /home/ubuntu/gitdemo/test3.txt [4ms]
2024-12-23 10:20:50.530 [info] > git config --get commit.template [2ms]
2024-12-23 10:20:50.533 [info] > git for-each-ref --format=%(refname)%00%(upstream:short)%00%(objectname)%00%(upstream:track)%00%(upstream:remotename)%00%(upstream:remoteref) refs/heads/master refs/remotes/master [3ms]
2024-12-23 10:20:50.548 [info] > git for-each-ref --sort -committerdate --format %(refname) %(objectname) %(*objectname) [2ms]
2024-12-23 10:20:50.554 [info] > git status -z -uall [17ms]
2024-12-23 10:20:55.562 [info] > git config --get commit.template [1ms]
2024-12-23 10:20:55.568 [info] > git for-each-ref --format=%(refname)%00%(upstream:short)%00%(objectname)%00%(upstream:track)%00%(upstream:remotename)%00%(upstream:remoteref) refs/heads/master refs/remotes/master [1ms]
2024-12-23 10:20:55.579 [info] > git for-each-ref --sort -committerdate --format %(refname) %(objectname) %(*objectname) [1ms]
2024-12-23 10:20:55.587 [info] > git status -z -uall [16ms]
2024-12-23 10:20:58.304 [info] > git blame --root --incremental 1b61cf66dd9f226d52cf4e202f19cfad0a4ee62f -- /home/ubuntu/gitdemo/test3.txt [2ms]
2024-12-23 10:20:58.304 [info] fatal: no such path gitdemo/test3.txt in 1b61cf66dd9f226d52cf4e202f19cfad0a4ee62f
2024-12-23 10:21:00.597 [info] > git config --get commit.template [5ms]
2024-12-23 10:21:00.597 [info] > git for-each-ref --format=%(refname)%00%(upstream:short)%00%(objectname)%00%(upstream:track)%00%(upstream:remotename)%00%(upstream:remoteref) refs/heads/master refs/remotes/master [1ms]
2024-12-23 10:21:00.609 [info] > git for-each-ref --sort -committerdate --format %(refname) %(objectname) %(*objectname) [2ms]
2024-12-23 10:21:00.616 [info] > git status -z -uall [17ms]
2024-12-23 10:21:05.632 [info] > git config --get commit.template [7ms]
2024-12-23 10:21:05.634 [info] > git for-each-ref --format=%(refname)%00%(upstream:short)%00%(objectname)%00%(upstream:track)%00%(upstream:remotename)%00%(upstream:remoteref) refs/heads/master refs/remotes/master [2ms]
2024-12-23 10:21:05.648 [info] > git for-each-ref --sort -committerdate --format %(refname) %(objectname) %(*objectname) [5ms]
2024-12-23 10:21:05.658 [info] > git status -z -uall [19ms]
2024-12-23 10:21:12.175 [info] > git config --get commit.template [4ms]
2024-12-23 10:21:12.177 [info] > git for-each-ref --format=%(refname)%00%(upstream:short)%00%(objectname)%00%(upstream:track)%00%(upstream:remotename)%00%(upstream:remoteref) refs/heads/master refs/remotes/master [3ms]
2024-12-23 10:21:12.192 [info] > git for-each-ref --sort -committerdate --format %(refname) %(objectname) %(*objectname) [7ms]
2024-12-23 10:21:12.203 [info] > git status -z -uall [21ms]
2024-12-23 10:21:17.212 [info] > git config --get commit.template [2ms]
2024-12-23 10:21:17.215 [info] > git for-each-ref --format=%(refname)%00%(upstream:short)%00%(objectname)%00%(upstream:track)%00%(upstream:remotename)%00%(upstream:remoteref) refs/heads/master refs/remotes/master [0ms]
2024-12-23 10:21:17.228 [info] > git for-each-ref --sort -committerdate --format %(refname) %(objectname) %(*objectname) [2ms]
2024-12-23 10:21:17.236 [info] > git status -z -uall [18ms]
2024-12-23 10:21:18.200 [info] > git ls-files --stage -- /home/ubuntu/gitdemo/test3.txt [2ms]
2024-12-23 10:21:18.475 [info] > git show --textconv :gitdemo/test3.txt [1ms]
2024-12-23 10:21:22.243 [info] > git config --get commit.template [2ms]
2024-12-23 10:21:22.246 [info] > git for-each-ref --format=%(refname)%00%(upstream:short)%00%(objectname)%00%(upstream:track)%00%(upstream:remotename)%00%(upstream:remoteref) refs/heads/master refs/remotes/master [3ms]
2024-12-23 10:21:22.258 [info] > git for-each-ref --sort -committerdate --format %(refname) %(objectname) %(*objectname) [4ms]
2024-12-23 10:21:22.265 [info] > git status -z -uall [17ms]
