2024-12-23 10:36:53.948 [info] [main] Log level: Info
2024-12-23 10:36:53.948 [info] [main] Validating found git in: "git"
2024-12-23 10:36:53.948 [info] [main] Using git "2.34.1" from "git"
2024-12-23 10:36:53.948 [info] [Model][doInitialScan] Initial repository scan started
2024-12-23 10:36:53.948 [info] > git rev-parse --show-toplevel [3ms]
2024-12-23 10:36:53.948 [info] > git rev-parse --git-dir --git-common-dir [1ms]
2024-12-23 10:36:53.948 [info] [Model][openRepository] Opened repository: /home/ubuntu
2024-12-23 10:36:53.948 [info] > git rev-parse --show-toplevel [1ms]
2024-12-23 10:36:53.948 [info] > git config --get commit.template [5ms]
2024-12-23 10:36:53.948 [info] > git rev-parse --show-toplevel [5ms]
2024-12-23 10:36:53.948 [info] > git for-each-ref --format=%(refname)%00%(upstream:short)%00%(objectname)%00%(upstream:track)%00%(upstream:remotename)%00%(upstream:remoteref) refs/heads/master refs/remotes/master [6ms]
2024-12-23 10:36:53.948 [info] > git rev-parse --show-toplevel [1ms]
2024-12-23 10:36:53.948 [info] > git for-each-ref --sort -committerdate --format %(refname) %(objectname) %(*objectname) [1ms]
2024-12-23 10:36:53.948 [info] > git rev-parse --show-toplevel [16ms]
2024-12-23 10:36:53.948 [info] [Model][doInitialScan] Initial repository scan completed - repositories (1), closed repositories (0), parent repositories (0), unsafe repositories (0)
2024-12-23 10:36:53.948 [info] > git status -z -uall [25ms]
2024-12-23 10:36:53.948 [info] > git for-each-ref --format=%(refname)%00%(upstream:short)%00%(objectname)%00%(upstream:track)%00%(upstream:remotename)%00%(upstream:remoteref) refs/heads/master refs/remotes/master [6ms]
2024-12-23 10:36:53.948 [info] > git config --local branch.master.vscode-merge-base [1ms]
2024-12-23 10:36:53.948 [warning] [Git][config] git config failed: Failed to execute git
2024-12-23 10:36:53.948 [info] > git config --get commit.template [7ms]
2024-12-23 10:36:53.948 [info] > git reflog master --grep-reflog=branch: Created from *. [4ms]
2024-12-23 10:36:53.948 [info] > git symbolic-ref --short refs/remotes/origin/HEAD [1ms]
2024-12-23 10:36:53.948 [info] fatal: ref refs/remotes/origin/HEAD is not a symbolic ref
2024-12-23 10:36:53.948 [warning] [Repository][getDefaultBranch] Failed to get default branch details: Failed to execute git.
2024-12-23 10:36:53.948 [info] > git for-each-ref --format=%(refname)%00%(upstream:short)%00%(objectname)%00%(upstream:track)%00%(upstream:remotename)%00%(upstream:remoteref) refs/heads/master refs/remotes/master [17ms]
2024-12-23 10:36:53.948 [info] > git merge-base refs/heads/master refs/remotes/origin/master [17ms]
2024-12-23 10:36:53.948 [info] > git diff --name-status -z --diff-filter=ADMR 329d0e485938affef11ea770c3a7448d0f07758a...refs/remotes/origin/master [11ms]
2024-12-23 10:36:53.948 [info] > git for-each-ref --sort -committerdate --format %(refname) %(objectname) %(*objectname) [4ms]
2024-12-23 10:36:53.948 [info] > git status -z -uall [22ms]
2024-12-23 10:36:54.361 [info] > git check-ignore -v -z --stdin [3ms]
2024-12-23 10:37:00.502 [info] > git config --get commit.template [1ms]
2024-12-23 10:37:00.507 [info] > git for-each-ref --format=%(refname)%00%(upstream:short)%00%(objectname)%00%(upstream:track)%00%(upstream:remotename)%00%(upstream:remoteref) refs/heads/master refs/remotes/master [2ms]
2024-12-23 10:37:00.517 [info] > git for-each-ref --sort -committerdate --format %(refname) %(objectname) %(*objectname) [3ms]
2024-12-23 10:37:00.530 [info] > git status -z -uall [21ms]
2024-12-23 10:37:05.540 [info] > git config --get commit.template [4ms]
2024-12-23 10:37:05.543 [info] > git for-each-ref --format=%(refname)%00%(upstream:short)%00%(objectname)%00%(upstream:track)%00%(upstream:remotename)%00%(upstream:remoteref) refs/heads/master refs/remotes/master [3ms]
2024-12-23 10:37:05.558 [info] > git for-each-ref --sort -committerdate --format %(refname) %(objectname) %(*objectname) [4ms]
2024-12-23 10:37:05.568 [info] > git status -z -uall [22ms]
2024-12-23 10:37:10.579 [info] > git config --get commit.template [2ms]
2024-12-23 10:37:10.583 [info] > git for-each-ref --format=%(refname)%00%(upstream:short)%00%(objectname)%00%(upstream:track)%00%(upstream:remotename)%00%(upstream:remoteref) refs/heads/master refs/remotes/master [1ms]
2024-12-23 10:37:10.595 [info] > git for-each-ref --sort -committerdate --format %(refname) %(objectname) %(*objectname) [6ms]
2024-12-23 10:37:10.608 [info] > git status -z -uall [22ms]
2024-12-23 10:37:15.620 [info] > git config --get commit.template [3ms]
2024-12-23 10:37:15.624 [info] > git for-each-ref --format=%(refname)%00%(upstream:short)%00%(objectname)%00%(upstream:track)%00%(upstream:remotename)%00%(upstream:remoteref) refs/heads/master refs/remotes/master [2ms]
2024-12-23 10:37:15.638 [info] > git for-each-ref --sort -committerdate --format %(refname) %(objectname) %(*objectname) [4ms]
2024-12-23 10:37:15.648 [info] > git status -z -uall [21ms]
2024-12-23 10:37:20.656 [info] > git config --get commit.template [1ms]
2024-12-23 10:37:20.660 [info] > git for-each-ref --format=%(refname)%00%(upstream:short)%00%(objectname)%00%(upstream:track)%00%(upstream:remotename)%00%(upstream:remoteref) refs/heads/master refs/remotes/master [2ms]
2024-12-23 10:37:20.673 [info] > git for-each-ref --sort -committerdate --format %(refname) %(objectname) %(*objectname) [3ms]
2024-12-23 10:37:20.690 [info] > git status -z -uall [28ms]
2024-12-23 10:37:25.700 [info] > git config --get commit.template [3ms]
2024-12-23 10:37:25.701 [info] > git for-each-ref --format=%(refname)%00%(upstream:short)%00%(objectname)%00%(upstream:track)%00%(upstream:remotename)%00%(upstream:remoteref) refs/heads/master refs/remotes/master [3ms]
2024-12-23 10:37:25.717 [info] > git for-each-ref --sort -committerdate --format %(refname) %(objectname) %(*objectname) [5ms]
2024-12-23 10:37:25.729 [info] > git status -z -uall [24ms]
