2024-12-23 10:40:59.498 [info] [main] Log level: Info
2024-12-23 10:40:59.498 [info] [main] Validating found git in: "git"
2024-12-23 10:40:59.498 [info] [main] Using git "2.34.1" from "git"
2024-12-23 10:40:59.498 [info] [Model][doInitialScan] Initial repository scan started
2024-12-23 10:40:59.499 [info] > git rev-parse --show-toplevel [18ms]
2024-12-23 10:40:59.499 [info] > git rev-parse --git-dir --git-common-dir [2ms]
2024-12-23 10:40:59.499 [info] [Model][openRepository] Opened repository: /home/ubuntu
2024-12-23 10:40:59.499 [info] > git config --get commit.template [5ms]
2024-12-23 10:40:59.499 [info] > git rev-parse --show-toplevel [6ms]
2024-12-23 10:40:59.499 [info] > git rev-parse --show-toplevel [1ms]
2024-12-23 10:40:59.499 [info] > git rev-parse --show-toplevel [0ms]
2024-12-23 10:40:59.499 [info] > git rev-parse --show-toplevel [2ms]
2024-12-23 10:40:59.499 [info] [Model][doInitialScan] Initial repository scan completed - repositories (1), closed repositories (0), parent repositories (0), unsafe repositories (0)
2024-12-23 10:40:59.499 [info] > git for-each-ref --format=%(refname)%00%(upstream:short)%00%(objectname)%00%(upstream:track)%00%(upstream:remotename)%00%(upstream:remoteref) refs/heads/master refs/remotes/master [26ms]
2024-12-23 10:40:59.499 [info] > git for-each-ref --sort -committerdate --format %(refname) %(objectname) %(*objectname) [5ms]
2024-12-23 10:40:59.519 [info] > git status -z -uall [32ms]
2024-12-23 10:40:59.540 [info] > git for-each-ref --format=%(refname)%00%(upstream:short)%00%(objectname)%00%(upstream:track)%00%(upstream:remotename)%00%(upstream:remoteref) refs/heads/master refs/remotes/master [10ms]
2024-12-23 10:40:59.609 [info] > git config --local branch.master.vscode-merge-base [65ms]
2024-12-23 10:40:59.609 [warning] [Git][config] git config failed: Failed to execute git
2024-12-23 10:40:59.613 [info] > git config --get commit.template [74ms]
2024-12-23 10:40:59.618 [info] > git reflog master --grep-reflog=branch: Created from *. [6ms]
2024-12-23 10:40:59.621 [info] > git for-each-ref --format=%(refname)%00%(upstream:short)%00%(objectname)%00%(upstream:track)%00%(upstream:remotename)%00%(upstream:remoteref) refs/heads/master refs/remotes/master [4ms]
2024-12-23 10:40:59.631 [info] > git symbolic-ref --short refs/remotes/origin/HEAD [10ms]
2024-12-23 10:40:59.631 [info] fatal: ref refs/remotes/origin/HEAD is not a symbolic ref
2024-12-23 10:40:59.631 [warning] [Repository][getDefaultBranch] Failed to get default branch details: Failed to execute git.
2024-12-23 10:40:59.639 [info] > git for-each-ref --sort -committerdate --format %(refname) %(objectname) %(*objectname) [13ms]
2024-12-23 10:40:59.642 [info] > git merge-base refs/heads/master refs/remotes/origin/master [4ms]
2024-12-23 10:40:59.652 [info] > git diff --name-status -z --diff-filter=ADMR 329d0e485938affef11ea770c3a7448d0f07758a...refs/remotes/origin/master [4ms]
2024-12-23 10:40:59.657 [info] > git status -z -uall [34ms]
2024-12-23 10:41:00.249 [info] > git check-ignore -v -z --stdin [2ms]
2024-12-23 10:41:03.265 [info] > git config --get commit.template [4ms]
2024-12-23 10:41:03.267 [info] > git for-each-ref --format=%(refname)%00%(upstream:short)%00%(objectname)%00%(upstream:track)%00%(upstream:remotename)%00%(upstream:remoteref) refs/heads/master refs/remotes/master [3ms]
2024-12-23 10:41:03.281 [info] > git for-each-ref --sort -committerdate --format %(refname) %(objectname) %(*objectname) [1ms]
2024-12-23 10:41:03.291 [info] > git status -z -uall [21ms]
2024-12-23 10:41:08.302 [info] > git config --get commit.template [3ms]
2024-12-23 10:41:08.304 [info] > git for-each-ref --format=%(refname)%00%(upstream:short)%00%(objectname)%00%(upstream:track)%00%(upstream:remotename)%00%(upstream:remoteref) refs/heads/master refs/remotes/master [3ms]
2024-12-23 10:41:08.316 [info] > git for-each-ref --sort -committerdate --format %(refname) %(objectname) %(*objectname) [6ms]
2024-12-23 10:41:08.328 [info] > git status -z -uall [20ms]
2024-12-23 10:41:13.335 [info] > git config --get commit.template [2ms]
2024-12-23 10:41:13.339 [info] > git for-each-ref --format=%(refname)%00%(upstream:short)%00%(objectname)%00%(upstream:track)%00%(upstream:remotename)%00%(upstream:remoteref) refs/heads/master refs/remotes/master [1ms]
2024-12-23 10:41:13.353 [info] > git for-each-ref --sort -committerdate --format %(refname) %(objectname) %(*objectname) [3ms]
2024-12-23 10:41:13.364 [info] > git status -z -uall [23ms]
2024-12-23 10:41:18.376 [info] > git config --get commit.template [4ms]
2024-12-23 10:41:18.377 [info] > git for-each-ref --format=%(refname)%00%(upstream:short)%00%(objectname)%00%(upstream:track)%00%(upstream:remotename)%00%(upstream:remoteref) refs/heads/master refs/remotes/master [3ms]
2024-12-23 10:41:18.390 [info] > git for-each-ref --sort -committerdate --format %(refname) %(objectname) %(*objectname) [6ms]
2024-12-23 10:41:18.400 [info] > git status -z -uall [21ms]
2024-12-23 10:41:23.414 [info] > git config --get commit.template [5ms]
2024-12-23 10:41:23.415 [info] > git for-each-ref --format=%(refname)%00%(upstream:short)%00%(objectname)%00%(upstream:track)%00%(upstream:remotename)%00%(upstream:remoteref) refs/heads/master refs/remotes/master [1ms]
2024-12-23 10:41:23.429 [info] > git for-each-ref --sort -committerdate --format %(refname) %(objectname) %(*objectname) [8ms]
2024-12-23 10:41:23.439 [info] > git status -z -uall [21ms]
2024-12-23 10:41:28.454 [info] > git config --get commit.template [4ms]
2024-12-23 10:41:28.455 [info] > git for-each-ref --format=%(refname)%00%(upstream:short)%00%(objectname)%00%(upstream:track)%00%(upstream:remotename)%00%(upstream:remoteref) refs/heads/master refs/remotes/master [3ms]
2024-12-23 10:41:28.470 [info] > git for-each-ref --sort -committerdate --format %(refname) %(objectname) %(*objectname) [4ms]
2024-12-23 10:41:28.481 [info] > git status -z -uall [22ms]
2024-12-23 10:41:33.493 [info] > git config --get commit.template [3ms]
2024-12-23 10:41:33.498 [info] > git for-each-ref --format=%(refname)%00%(upstream:short)%00%(objectname)%00%(upstream:track)%00%(upstream:remotename)%00%(upstream:remoteref) refs/heads/master refs/remotes/master [3ms]
2024-12-23 10:41:33.511 [info] > git for-each-ref --sort -committerdate --format %(refname) %(objectname) %(*objectname) [5ms]
2024-12-23 10:41:33.521 [info] > git status -z -uall [21ms]
2024-12-23 10:41:38.533 [info] > git config --get commit.template [4ms]
2024-12-23 10:41:38.535 [info] > git for-each-ref --format=%(refname)%00%(upstream:short)%00%(objectname)%00%(upstream:track)%00%(upstream:remotename)%00%(upstream:remoteref) refs/heads/master refs/remotes/master [1ms]
2024-12-23 10:41:38.548 [info] > git for-each-ref --sort -committerdate --format %(refname) %(objectname) %(*objectname) [7ms]
2024-12-23 10:41:38.559 [info] > git status -z -uall [22ms]
2024-12-23 10:41:43.568 [info] > git config --get commit.template [1ms]
2024-12-23 10:41:43.573 [info] > git for-each-ref --format=%(refname)%00%(upstream:short)%00%(objectname)%00%(upstream:track)%00%(upstream:remotename)%00%(upstream:remoteref) refs/heads/master refs/remotes/master [2ms]
2024-12-23 10:41:43.590 [info] > git for-each-ref --sort -committerdate --format %(refname) %(objectname) %(*objectname) [6ms]
2024-12-23 10:41:43.599 [info] > git status -z -uall [23ms]
2024-12-23 10:41:48.608 [info] > git config --get commit.template [0ms]
2024-12-23 10:41:48.612 [info] > git for-each-ref --format=%(refname)%00%(upstream:short)%00%(objectname)%00%(upstream:track)%00%(upstream:remotename)%00%(upstream:remoteref) refs/heads/master refs/remotes/master [1ms]
2024-12-23 10:41:48.623 [info] > git for-each-ref --sort -committerdate --format %(refname) %(objectname) %(*objectname) [4ms]
2024-12-23 10:41:48.637 [info] > git status -z -uall [23ms]
2024-12-23 10:41:53.649 [info] > git config --get commit.template [4ms]
2024-12-23 10:41:53.651 [info] > git for-each-ref --format=%(refname)%00%(upstream:short)%00%(objectname)%00%(upstream:track)%00%(upstream:remotename)%00%(upstream:remoteref) refs/heads/master refs/remotes/master [2ms]
2024-12-23 10:41:53.668 [info] > git for-each-ref --sort -committerdate --format %(refname) %(objectname) %(*objectname) [2ms]
2024-12-23 10:41:53.678 [info] > git status -z -uall [24ms]
2024-12-23 10:41:58.687 [info] > git config --get commit.template [1ms]
2024-12-23 10:41:58.692 [info] > git for-each-ref --format=%(refname)%00%(upstream:short)%00%(objectname)%00%(upstream:track)%00%(upstream:remotename)%00%(upstream:remoteref) refs/heads/master refs/remotes/master [1ms]
2024-12-23 10:41:58.704 [info] > git for-each-ref --sort -committerdate --format %(refname) %(objectname) %(*objectname) [5ms]
2024-12-23 10:41:58.718 [info] > git status -z -uall [24ms]
2024-12-23 10:42:03.730 [info] > git config --get commit.template [5ms]
2024-12-23 10:42:03.731 [info] > git for-each-ref --format=%(refname)%00%(upstream:short)%00%(objectname)%00%(upstream:track)%00%(upstream:remotename)%00%(upstream:remoteref) refs/heads/master refs/remotes/master [3ms]
2024-12-23 10:42:03.743 [info] > git for-each-ref --sort -committerdate --format %(refname) %(objectname) %(*objectname) [3ms]
2024-12-23 10:42:03.754 [info] > git status -z -uall [20ms]
2024-12-23 10:42:08.760 [info] > git config --get commit.template [2ms]
2024-12-23 10:42:08.765 [info] > git for-each-ref --format=%(refname)%00%(upstream:short)%00%(objectname)%00%(upstream:track)%00%(upstream:remotename)%00%(upstream:remoteref) refs/heads/master refs/remotes/master [2ms]
2024-12-23 10:42:08.776 [info] > git for-each-ref --sort -committerdate --format %(refname) %(objectname) %(*objectname) [2ms]
2024-12-23 10:42:08.787 [info] > git status -z -uall [20ms]
2024-12-23 10:42:13.795 [info] > git config --get commit.template [4ms]
2024-12-23 10:42:13.797 [info] > git for-each-ref --format=%(refname)%00%(upstream:short)%00%(objectname)%00%(upstream:track)%00%(upstream:remotename)%00%(upstream:remoteref) refs/heads/master refs/remotes/master [2ms]
2024-12-23 10:42:13.810 [info] > git for-each-ref --sort -committerdate --format %(refname) %(objectname) %(*objectname) [7ms]
2024-12-23 10:42:13.822 [info] > git status -z -uall [23ms]
2024-12-23 10:42:18.832 [info] > git config --get commit.template [4ms]
2024-12-23 10:42:18.834 [info] > git for-each-ref --format=%(refname)%00%(upstream:short)%00%(objectname)%00%(upstream:track)%00%(upstream:remotename)%00%(upstream:remoteref) refs/heads/master refs/remotes/master [3ms]
2024-12-23 10:42:18.846 [info] > git for-each-ref --sort -committerdate --format %(refname) %(objectname) %(*objectname) [0ms]
2024-12-23 10:42:18.858 [info] > git status -z -uall [22ms]
2024-12-23 10:42:23.866 [info] > git config --get commit.template [1ms]
2024-12-23 10:42:23.870 [info] > git for-each-ref --format=%(refname)%00%(upstream:short)%00%(objectname)%00%(upstream:track)%00%(upstream:remotename)%00%(upstream:remoteref) refs/heads/master refs/remotes/master [2ms]
2024-12-23 10:42:23.883 [info] > git for-each-ref --sort -committerdate --format %(refname) %(objectname) %(*objectname) [3ms]
2024-12-23 10:42:23.895 [info] > git status -z -uall [22ms]
2024-12-23 10:42:28.902 [info] > git config --get commit.template [0ms]
2024-12-23 10:42:28.907 [info] > git for-each-ref --format=%(refname)%00%(upstream:short)%00%(objectname)%00%(upstream:track)%00%(upstream:remotename)%00%(upstream:remoteref) refs/heads/master refs/remotes/master [2ms]
2024-12-23 10:42:28.924 [info] > git for-each-ref --sort -committerdate --format %(refname) %(objectname) %(*objectname) [3ms]
2024-12-23 10:42:28.932 [info] > git status -z -uall [23ms]
2024-12-23 10:42:33.939 [info] > git config --get commit.template [1ms]
2024-12-23 10:42:33.944 [info] > git for-each-ref --format=%(refname)%00%(upstream:short)%00%(objectname)%00%(upstream:track)%00%(upstream:remotename)%00%(upstream:remoteref) refs/heads/master refs/remotes/master [2ms]
2024-12-23 10:42:33.956 [info] > git for-each-ref --sort -committerdate --format %(refname) %(objectname) %(*objectname) [1ms]
2024-12-23 10:42:33.970 [info] > git status -z -uall [23ms]
2024-12-23 10:42:38.980 [info] > git config --get commit.template [4ms]
2024-12-23 10:42:38.981 [info] > git for-each-ref --format=%(refname)%00%(upstream:short)%00%(objectname)%00%(upstream:track)%00%(upstream:remotename)%00%(upstream:remoteref) refs/heads/master refs/remotes/master [2ms]
2024-12-23 10:42:38.999 [info] > git for-each-ref --sort -committerdate --format %(refname) %(objectname) %(*objectname) [2ms]
2024-12-23 10:42:39.016 [info] > git status -z -uall [31ms]
2024-12-23 10:42:44.029 [info] > git config --get commit.template [6ms]
2024-12-23 10:42:44.031 [info] > git for-each-ref --format=%(refname)%00%(upstream:short)%00%(objectname)%00%(upstream:track)%00%(upstream:remotename)%00%(upstream:remoteref) refs/heads/master refs/remotes/master [2ms]
2024-12-23 10:42:44.047 [info] > git for-each-ref --sort -committerdate --format %(refname) %(objectname) %(*objectname) [6ms]
2024-12-23 10:42:44.057 [info] > git status -z -uall [22ms]
2024-12-23 10:42:49.065 [info] > git config --get commit.template [3ms]
2024-12-23 10:42:49.070 [info] > git for-each-ref --format=%(refname)%00%(upstream:short)%00%(objectname)%00%(upstream:track)%00%(upstream:remotename)%00%(upstream:remoteref) refs/heads/master refs/remotes/master [3ms]
2024-12-23 10:42:49.085 [info] > git for-each-ref --sort -committerdate --format %(refname) %(objectname) %(*objectname) [7ms]
2024-12-23 10:42:49.094 [info] > git status -z -uall [22ms]
2024-12-23 10:42:54.105 [info] > git config --get commit.template [2ms]
2024-12-23 10:42:54.110 [info] > git for-each-ref --format=%(refname)%00%(upstream:short)%00%(objectname)%00%(upstream:track)%00%(upstream:remotename)%00%(upstream:remoteref) refs/heads/master refs/remotes/master [1ms]
2024-12-23 10:42:54.129 [info] > git for-each-ref --sort -committerdate --format %(refname) %(objectname) %(*objectname) [9ms]
2024-12-23 10:42:54.140 [info] > git status -z -uall [26ms]
2024-12-23 10:42:59.151 [info] > git config --get commit.template [2ms]
2024-12-23 10:42:59.155 [info] > git for-each-ref --format=%(refname)%00%(upstream:short)%00%(objectname)%00%(upstream:track)%00%(upstream:remotename)%00%(upstream:remoteref) refs/heads/master refs/remotes/master [1ms]
2024-12-23 10:42:59.165 [info] > git for-each-ref --sort -committerdate --format %(refname) %(objectname) %(*objectname) [3ms]
2024-12-23 10:42:59.179 [info] > git status -z -uall [22ms]
2024-12-23 10:43:04.189 [info] > git config --get commit.template [5ms]
2024-12-23 10:43:04.192 [info] > git for-each-ref --format=%(refname)%00%(upstream:short)%00%(objectname)%00%(upstream:track)%00%(upstream:remotename)%00%(upstream:remoteref) refs/heads/master refs/remotes/master [2ms]
2024-12-23 10:43:04.211 [info] > git for-each-ref --sort -committerdate --format %(refname) %(objectname) %(*objectname) [4ms]
2024-12-23 10:43:04.231 [info] > git status -z -uall [36ms]
2024-12-23 10:43:09.242 [info] > git config --get commit.template [0ms]
2024-12-23 10:43:09.251 [info] > git for-each-ref --format=%(refname)%00%(upstream:short)%00%(objectname)%00%(upstream:track)%00%(upstream:remotename)%00%(upstream:remoteref) refs/heads/master refs/remotes/master [4ms]
2024-12-23 10:43:09.268 [info] > git for-each-ref --sort -committerdate --format %(refname) %(objectname) %(*objectname) [4ms]
2024-12-23 10:43:09.285 [info] > git status -z -uall [28ms]
2024-12-23 10:43:14.295 [info] > git config --get commit.template [0ms]
2024-12-23 10:43:14.299 [info] > git for-each-ref --format=%(refname)%00%(upstream:short)%00%(objectname)%00%(upstream:track)%00%(upstream:remotename)%00%(upstream:remoteref) refs/heads/master refs/remotes/master [1ms]
2024-12-23 10:43:14.312 [info] > git for-each-ref --sort -committerdate --format %(refname) %(objectname) %(*objectname) [3ms]
2024-12-23 10:43:14.324 [info] > git status -z -uall [22ms]
2024-12-23 10:43:19.334 [info] > git config --get commit.template [3ms]
2024-12-23 10:43:19.336 [info] > git for-each-ref --format=%(refname)%00%(upstream:short)%00%(objectname)%00%(upstream:track)%00%(upstream:remotename)%00%(upstream:remoteref) refs/heads/master refs/remotes/master [4ms]
2024-12-23 10:43:19.349 [info] > git for-each-ref --sort -committerdate --format %(refname) %(objectname) %(*objectname) [7ms]
2024-12-23 10:43:19.359 [info] > git status -z -uall [20ms]
2024-12-23 10:43:24.368 [info] > git config --get commit.template [2ms]
2024-12-23 10:43:24.372 [info] > git for-each-ref --format=%(refname)%00%(upstream:short)%00%(objectname)%00%(upstream:track)%00%(upstream:remotename)%00%(upstream:remoteref) refs/heads/master refs/remotes/master [2ms]
2024-12-23 10:43:24.383 [info] > git for-each-ref --sort -committerdate --format %(refname) %(objectname) %(*objectname) [2ms]
2024-12-23 10:43:24.395 [info] > git status -z -uall [20ms]
2024-12-23 10:43:29.405 [info] > git config --get commit.template [1ms]
2024-12-23 10:43:29.411 [info] > git for-each-ref --format=%(refname)%00%(upstream:short)%00%(objectname)%00%(upstream:track)%00%(upstream:remotename)%00%(upstream:remoteref) refs/heads/master refs/remotes/master [3ms]
2024-12-23 10:43:29.427 [info] > git for-each-ref --sort -committerdate --format %(refname) %(objectname) %(*objectname) [3ms]
2024-12-23 10:43:29.435 [info] > git status -z -uall [22ms]
2024-12-23 10:43:34.445 [info] > git config --get commit.template [2ms]
2024-12-23 10:43:34.449 [info] > git for-each-ref --format=%(refname)%00%(upstream:short)%00%(objectname)%00%(upstream:track)%00%(upstream:remotename)%00%(upstream:remoteref) refs/heads/master refs/remotes/master [2ms]
2024-12-23 10:43:34.461 [info] > git for-each-ref --sort -committerdate --format %(refname) %(objectname) %(*objectname) [6ms]
2024-12-23 10:43:34.473 [info] > git status -z -uall [20ms]
2024-12-23 10:43:39.483 [info] > git config --get commit.template [3ms]
2024-12-23 10:43:39.491 [info] > git for-each-ref --format=%(refname)%00%(upstream:short)%00%(objectname)%00%(upstream:track)%00%(upstream:remotename)%00%(upstream:remoteref) refs/heads/master refs/remotes/master [2ms]
2024-12-23 10:43:39.508 [info] > git for-each-ref --sort -committerdate --format %(refname) %(objectname) %(*objectname) [1ms]
2024-12-23 10:43:39.516 [info] > git status -z -uall [16ms]
2024-12-23 10:43:44.527 [info] > git config --get commit.template [4ms]
2024-12-23 10:43:44.528 [info] > git for-each-ref --format=%(refname)%00%(upstream:short)%00%(objectname)%00%(upstream:track)%00%(upstream:remotename)%00%(upstream:remoteref) refs/heads/master refs/remotes/master [2ms]
2024-12-23 10:43:44.543 [info] > git for-each-ref --sort -committerdate --format %(refname) %(objectname) %(*objectname) [6ms]
2024-12-23 10:43:44.553 [info] > git status -z -uall [23ms]
2024-12-23 10:43:49.563 [info] > git config --get commit.template [3ms]
2024-12-23 10:43:49.568 [info] > git for-each-ref --format=%(refname)%00%(upstream:short)%00%(objectname)%00%(upstream:track)%00%(upstream:remotename)%00%(upstream:remoteref) refs/heads/master refs/remotes/master [2ms]
2024-12-23 10:43:49.581 [info] > git for-each-ref --sort -committerdate --format %(refname) %(objectname) %(*objectname) [7ms]
2024-12-23 10:43:49.591 [info] > git status -z -uall [21ms]
2024-12-23 10:43:54.600 [info] > git config --get commit.template [4ms]
2024-12-23 10:43:54.603 [info] > git for-each-ref --format=%(refname)%00%(upstream:short)%00%(objectname)%00%(upstream:track)%00%(upstream:remotename)%00%(upstream:remoteref) refs/heads/master refs/remotes/master [2ms]
2024-12-23 10:43:54.614 [info] > git for-each-ref --sort -committerdate --format %(refname) %(objectname) %(*objectname) [5ms]
2024-12-23 10:43:54.626 [info] > git status -z -uall [20ms]
2024-12-23 10:43:59.632 [info] > git config --get commit.template [2ms]
2024-12-23 10:43:59.638 [info] > git for-each-ref --format=%(refname)%00%(upstream:short)%00%(objectname)%00%(upstream:track)%00%(upstream:remotename)%00%(upstream:remoteref) refs/heads/master refs/remotes/master [1ms]
2024-12-23 10:43:59.649 [info] > git for-each-ref --sort -committerdate --format %(refname) %(objectname) %(*objectname) [6ms]
2024-12-23 10:43:59.661 [info] > git status -z -uall [19ms]
2024-12-23 10:44:04.670 [info] > git config --get commit.template [1ms]
2024-12-23 10:44:04.674 [info] > git for-each-ref --format=%(refname)%00%(upstream:short)%00%(objectname)%00%(upstream:track)%00%(upstream:remotename)%00%(upstream:remoteref) refs/heads/master refs/remotes/master [0ms]
2024-12-23 10:44:04.692 [info] > git for-each-ref --sort -committerdate --format %(refname) %(objectname) %(*objectname) [3ms]
2024-12-23 10:44:04.701 [info] > git status -z -uall [24ms]
2024-12-23 10:44:09.710 [info] > git config --get commit.template [1ms]
2024-12-23 10:44:09.713 [info] > git for-each-ref --format=%(refname)%00%(upstream:short)%00%(objectname)%00%(upstream:track)%00%(upstream:remotename)%00%(upstream:remoteref) refs/heads/master refs/remotes/master [1ms]
2024-12-23 10:44:09.725 [info] > git for-each-ref --sort -committerdate --format %(refname) %(objectname) %(*objectname) [5ms]
2024-12-23 10:44:09.737 [info] > git status -z -uall [21ms]
2024-12-23 10:44:14.744 [info] > git config --get commit.template [1ms]
2024-12-23 10:44:14.748 [info] > git for-each-ref --format=%(refname)%00%(upstream:short)%00%(objectname)%00%(upstream:track)%00%(upstream:remotename)%00%(upstream:remoteref) refs/heads/master refs/remotes/master [1ms]
2024-12-23 10:44:14.759 [info] > git for-each-ref --sort -committerdate --format %(refname) %(objectname) %(*objectname) [5ms]
2024-12-23 10:44:14.772 [info] > git status -z -uall [21ms]
2024-12-23 10:44:19.782 [info] > git config --get commit.template [3ms]
2024-12-23 10:44:19.784 [info] > git for-each-ref --format=%(refname)%00%(upstream:short)%00%(objectname)%00%(upstream:track)%00%(upstream:remotename)%00%(upstream:remoteref) refs/heads/master refs/remotes/master [2ms]
2024-12-23 10:44:19.796 [info] > git for-each-ref --sort -committerdate --format %(refname) %(objectname) %(*objectname) [5ms]
2024-12-23 10:44:19.810 [info] > git status -z -uall [22ms]
2024-12-23 10:44:24.821 [info] > git config --get commit.template [4ms]
2024-12-23 10:44:24.823 [info] > git for-each-ref --format=%(refname)%00%(upstream:short)%00%(objectname)%00%(upstream:track)%00%(upstream:remotename)%00%(upstream:remoteref) refs/heads/master refs/remotes/master [3ms]
2024-12-23 10:44:24.834 [info] > git for-each-ref --sort -committerdate --format %(refname) %(objectname) %(*objectname) [6ms]
2024-12-23 10:44:24.847 [info] > git status -z -uall [22ms]
2024-12-23 10:44:29.861 [info] > git for-each-ref --format=%(refname)%00%(upstream:short)%00%(objectname)%00%(upstream:track)%00%(upstream:remotename)%00%(upstream:remoteref) refs/heads/master refs/remotes/master [2ms]
2024-12-23 10:44:29.861 [info] > git config --get commit.template [7ms]
2024-12-23 10:44:29.874 [info] > git for-each-ref --sort -committerdate --format %(refname) %(objectname) %(*objectname) [3ms]
2024-12-23 10:44:29.888 [info] > git status -z -uall [25ms]
2024-12-23 10:44:34.897 [info] > git config --get commit.template [2ms]
2024-12-23 10:44:34.902 [info] > git for-each-ref --format=%(refname)%00%(upstream:short)%00%(objectname)%00%(upstream:track)%00%(upstream:remotename)%00%(upstream:remoteref) refs/heads/master refs/remotes/master [2ms]
2024-12-23 10:44:34.915 [info] > git for-each-ref --sort -committerdate --format %(refname) %(objectname) %(*objectname) [3ms]
2024-12-23 10:44:34.927 [info] > git status -z -uall [21ms]
2024-12-23 10:44:39.937 [info] > git config --get commit.template [1ms]
2024-12-23 10:44:39.942 [info] > git for-each-ref --format=%(refname)%00%(upstream:short)%00%(objectname)%00%(upstream:track)%00%(upstream:remotename)%00%(upstream:remoteref) refs/heads/master refs/remotes/master [2ms]
2024-12-23 10:44:39.953 [info] > git for-each-ref --sort -committerdate --format %(refname) %(objectname) %(*objectname) [1ms]
2024-12-23 10:44:39.967 [info] > git status -z -uall [23ms]
2024-12-23 10:44:44.979 [info] > git for-each-ref --format=%(refname)%00%(upstream:short)%00%(objectname)%00%(upstream:track)%00%(upstream:remotename)%00%(upstream:remoteref) refs/heads/master refs/remotes/master [0ms]
2024-12-23 10:44:44.979 [info] > git config --get commit.template [5ms]
2024-12-23 10:44:44.995 [info] > git for-each-ref --sort -committerdate --format %(refname) %(objectname) %(*objectname) [4ms]
2024-12-23 10:44:45.006 [info] > git status -z -uall [24ms]
2024-12-23 10:44:50.018 [info] > git config --get commit.template [5ms]
2024-12-23 10:44:50.019 [info] > git for-each-ref --format=%(refname)%00%(upstream:short)%00%(objectname)%00%(upstream:track)%00%(upstream:remotename)%00%(upstream:remoteref) refs/heads/master refs/remotes/master [2ms]
2024-12-23 10:44:50.031 [info] > git for-each-ref --sort -committerdate --format %(refname) %(objectname) %(*objectname) [6ms]
2024-12-23 10:44:50.045 [info] > git status -z -uall [24ms]
2024-12-23 10:44:55.055 [info] > git config --get commit.template [3ms]
2024-12-23 10:44:55.060 [info] > git for-each-ref --format=%(refname)%00%(upstream:short)%00%(objectname)%00%(upstream:track)%00%(upstream:remotename)%00%(upstream:remoteref) refs/heads/master refs/remotes/master [3ms]
2024-12-23 10:44:55.072 [info] > git for-each-ref --sort -committerdate --format %(refname) %(objectname) %(*objectname) [3ms]
2024-12-23 10:44:55.084 [info] > git status -z -uall [22ms]
2024-12-23 10:45:00.091 [info] > git config --get commit.template [2ms]
2024-12-23 10:45:00.096 [info] > git for-each-ref --format=%(refname)%00%(upstream:short)%00%(objectname)%00%(upstream:track)%00%(upstream:remotename)%00%(upstream:remoteref) refs/heads/master refs/remotes/master [1ms]
2024-12-23 10:45:00.108 [info] > git for-each-ref --sort -committerdate --format %(refname) %(objectname) %(*objectname) [6ms]
2024-12-23 10:45:00.122 [info] > git status -z -uall [23ms]
2024-12-23 10:45:05.133 [info] > git config --get commit.template [4ms]
2024-12-23 10:45:05.134 [info] > git for-each-ref --format=%(refname)%00%(upstream:short)%00%(objectname)%00%(upstream:track)%00%(upstream:remotename)%00%(upstream:remoteref) refs/heads/master refs/remotes/master [2ms]
2024-12-23 10:45:05.149 [info] > git for-each-ref --sort -committerdate --format %(refname) %(objectname) %(*objectname) [4ms]
2024-12-23 10:45:05.159 [info] > git status -z -uall [22ms]
2024-12-23 10:45:10.169 [info] > git config --get commit.template [2ms]
2024-12-23 10:45:10.175 [info] > git for-each-ref --format=%(refname)%00%(upstream:short)%00%(objectname)%00%(upstream:track)%00%(upstream:remotename)%00%(upstream:remoteref) refs/heads/master refs/remotes/master [3ms]
2024-12-23 10:45:10.188 [info] > git for-each-ref --sort -committerdate --format %(refname) %(objectname) %(*objectname) [4ms]
2024-12-23 10:45:10.198 [info] > git status -z -uall [20ms]
2024-12-23 10:45:15.209 [info] > git config --get commit.template [1ms]
2024-12-23 10:45:15.213 [info] > git for-each-ref --format=%(refname)%00%(upstream:short)%00%(objectname)%00%(upstream:track)%00%(upstream:remotename)%00%(upstream:remoteref) refs/heads/master refs/remotes/master [1ms]
2024-12-23 10:45:15.222 [info] > git for-each-ref --sort -committerdate --format %(refname) %(objectname) %(*objectname) [3ms]
2024-12-23 10:45:15.239 [info] > git status -z -uall [23ms]
2024-12-23 10:45:20.246 [info] > git config --get commit.template [1ms]
2024-12-23 10:45:20.250 [info] > git for-each-ref --format=%(refname)%00%(upstream:short)%00%(objectname)%00%(upstream:track)%00%(upstream:remotename)%00%(upstream:remoteref) refs/heads/master refs/remotes/master [2ms]
2024-12-23 10:45:20.264 [info] > git for-each-ref --sort -committerdate --format %(refname) %(objectname) %(*objectname) [3ms]
2024-12-23 10:45:20.275 [info] > git status -z -uall [22ms]
2024-12-23 10:45:25.285 [info] > git config --get commit.template [4ms]
2024-12-23 10:45:25.287 [info] > git for-each-ref --format=%(refname)%00%(upstream:short)%00%(objectname)%00%(upstream:track)%00%(upstream:remotename)%00%(upstream:remoteref) refs/heads/master refs/remotes/master [2ms]
2024-12-23 10:45:25.300 [info] > git for-each-ref --sort -committerdate --format %(refname) %(objectname) %(*objectname) [2ms]
2024-12-23 10:45:25.312 [info] > git status -z -uall [22ms]
2024-12-23 10:45:30.318 [info] > git config --get commit.template [1ms]
2024-12-23 10:45:30.322 [info] > git for-each-ref --format=%(refname)%00%(upstream:short)%00%(objectname)%00%(upstream:track)%00%(upstream:remotename)%00%(upstream:remoteref) refs/heads/master refs/remotes/master [2ms]
2024-12-23 10:45:30.337 [info] > git for-each-ref --sort -committerdate --format %(refname) %(objectname) %(*objectname) [3ms]
2024-12-23 10:45:30.345 [info] > git status -z -uall [21ms]
2024-12-23 10:45:35.355 [info] > git config --get commit.template [5ms]
2024-12-23 10:45:35.356 [info] > git for-each-ref --format=%(refname)%00%(upstream:short)%00%(objectname)%00%(upstream:track)%00%(upstream:remotename)%00%(upstream:remoteref) refs/heads/master refs/remotes/master [3ms]
2024-12-23 10:45:35.368 [info] > git for-each-ref --sort -committerdate --format %(refname) %(objectname) %(*objectname) [3ms]
2024-12-23 10:45:35.379 [info] > git status -z -uall [21ms]
2024-12-23 10:45:40.388 [info] > git config --get commit.template [3ms]
2024-12-23 10:45:40.392 [info] > git for-each-ref --format=%(refname)%00%(upstream:short)%00%(objectname)%00%(upstream:track)%00%(upstream:remotename)%00%(upstream:remoteref) refs/heads/master refs/remotes/master [3ms]
2024-12-23 10:45:40.405 [info] > git for-each-ref --sort -committerdate --format %(refname) %(objectname) %(*objectname) [3ms]
2024-12-23 10:45:40.415 [info] > git status -z -uall [20ms]
2024-12-23 10:45:45.422 [info] > git config --get commit.template [0ms]
2024-12-23 10:45:45.427 [info] > git for-each-ref --format=%(refname)%00%(upstream:short)%00%(objectname)%00%(upstream:track)%00%(upstream:remotename)%00%(upstream:remoteref) refs/heads/master refs/remotes/master [2ms]
2024-12-23 10:45:45.439 [info] > git for-each-ref --sort -committerdate --format %(refname) %(objectname) %(*objectname) [2ms]
2024-12-23 10:45:45.452 [info] > git status -z -uall [23ms]
2024-12-23 10:45:50.460 [info] > git config --get commit.template [3ms]
2024-12-23 10:45:50.464 [info] > git for-each-ref --format=%(refname)%00%(upstream:short)%00%(objectname)%00%(upstream:track)%00%(upstream:remotename)%00%(upstream:remoteref) refs/heads/master refs/remotes/master [2ms]
2024-12-23 10:45:50.479 [info] > git for-each-ref --sort -committerdate --format %(refname) %(objectname) %(*objectname) [5ms]
2024-12-23 10:45:50.488 [info] > git status -z -uall [21ms]
2024-12-23 10:45:55.494 [info] > git config --get commit.template [1ms]
2024-12-23 10:45:55.499 [info] > git for-each-ref --format=%(refname)%00%(upstream:short)%00%(objectname)%00%(upstream:track)%00%(upstream:remotename)%00%(upstream:remoteref) refs/heads/master refs/remotes/master [3ms]
2024-12-23 10:45:55.511 [info] > git for-each-ref --sort -committerdate --format %(refname) %(objectname) %(*objectname) [3ms]
2024-12-23 10:45:55.529 [info] > git status -z -uall [26ms]
2024-12-23 10:46:00.542 [info] > git config --get commit.template [4ms]
2024-12-23 10:46:00.542 [info] > git for-each-ref --format=%(refname)%00%(upstream:short)%00%(objectname)%00%(upstream:track)%00%(upstream:remotename)%00%(upstream:remoteref) refs/heads/master refs/remotes/master [2ms]
2024-12-23 10:46:00.556 [info] > git for-each-ref --sort -committerdate --format %(refname) %(objectname) %(*objectname) [3ms]
2024-12-23 10:46:00.569 [info] > git status -z -uall [23ms]
2024-12-23 10:46:05.576 [info] > git config --get commit.template [1ms]
2024-12-23 10:46:05.580 [info] > git for-each-ref --format=%(refname)%00%(upstream:short)%00%(objectname)%00%(upstream:track)%00%(upstream:remotename)%00%(upstream:remoteref) refs/heads/master refs/remotes/master [1ms]
2024-12-23 10:46:05.594 [info] > git for-each-ref --sort -committerdate --format %(refname) %(objectname) %(*objectname) [5ms]
2024-12-23 10:46:05.603 [info] > git status -z -uall [20ms]
2024-12-23 10:46:10.607 [info] > git config --get commit.template [1ms]
2024-12-23 10:46:10.612 [info] > git for-each-ref --format=%(refname)%00%(upstream:short)%00%(objectname)%00%(upstream:track)%00%(upstream:remotename)%00%(upstream:remoteref) refs/heads/master refs/remotes/master [2ms]
2024-12-23 10:46:10.626 [info] > git for-each-ref --sort -committerdate --format %(refname) %(objectname) %(*objectname) [2ms]
2024-12-23 10:46:10.636 [info] > git status -z -uall [20ms]
2024-12-23 10:46:15.644 [info] > git config --get commit.template [0ms]
2024-12-23 10:46:15.648 [info] > git for-each-ref --format=%(refname)%00%(upstream:short)%00%(objectname)%00%(upstream:track)%00%(upstream:remotename)%00%(upstream:remoteref) refs/heads/master refs/remotes/master [2ms]
2024-12-23 10:46:15.660 [info] > git for-each-ref --sort -committerdate --format %(refname) %(objectname) %(*objectname) [6ms]
2024-12-23 10:46:15.673 [info] > git status -z -uall [22ms]
2024-12-23 10:46:20.683 [info] > git config --get commit.template [5ms]
2024-12-23 10:46:20.683 [info] > git for-each-ref --format=%(refname)%00%(upstream:short)%00%(objectname)%00%(upstream:track)%00%(upstream:remotename)%00%(upstream:remoteref) refs/heads/master refs/remotes/master [2ms]
2024-12-23 10:46:20.745 [info] > git for-each-ref --sort -committerdate --format %(refname) %(objectname) %(*objectname) [21ms]
2024-12-23 10:46:20.789 [info] > git status -z -uall [78ms]
2024-12-23 10:46:25.798 [info] > git config --get commit.template [3ms]
2024-12-23 10:46:25.806 [info] > git for-each-ref --format=%(refname)%00%(upstream:short)%00%(objectname)%00%(upstream:track)%00%(upstream:remotename)%00%(upstream:remoteref) refs/heads/master refs/remotes/master [4ms]
2024-12-23 10:46:25.823 [info] > git for-each-ref --sort -committerdate --format %(refname) %(objectname) %(*objectname) [7ms]
2024-12-23 10:46:25.841 [info] > git status -z -uall [30ms]
2024-12-23 10:46:30.852 [info] > git for-each-ref --format=%(refname)%00%(upstream:short)%00%(objectname)%00%(upstream:track)%00%(upstream:remotename)%00%(upstream:remoteref) refs/heads/master refs/remotes/master [0ms]
2024-12-23 10:46:30.852 [info] > git config --get commit.template [5ms]
2024-12-23 10:46:30.865 [info] > git for-each-ref --sort -committerdate --format %(refname) %(objectname) %(*objectname) [3ms]
2024-12-23 10:46:30.877 [info] > git status -z -uall [20ms]
2024-12-23 10:46:35.890 [info] > git config --get commit.template [7ms]
2024-12-23 10:46:35.892 [info] > git for-each-ref --format=%(refname)%00%(upstream:short)%00%(objectname)%00%(upstream:track)%00%(upstream:remotename)%00%(upstream:remoteref) refs/heads/master refs/remotes/master [3ms]
2024-12-23 10:46:35.912 [info] > git for-each-ref --sort -committerdate --format %(refname) %(objectname) %(*objectname) [10ms]
2024-12-23 10:46:35.920 [info] > git status -z -uall [24ms]
2024-12-23 10:46:40.932 [info] > git config --get commit.template [4ms]
2024-12-23 10:46:40.940 [info] > git for-each-ref --format=%(refname)%00%(upstream:short)%00%(objectname)%00%(upstream:track)%00%(upstream:remotename)%00%(upstream:remoteref) refs/heads/master refs/remotes/master [3ms]
2024-12-23 10:46:40.955 [info] > git for-each-ref --sort -committerdate --format %(refname) %(objectname) %(*objectname) [2ms]
2024-12-23 10:46:40.966 [info] > git status -z -uall [21ms]
2024-12-23 10:46:45.973 [info] > git config --get commit.template [1ms]
2024-12-23 10:46:45.977 [info] > git for-each-ref --format=%(refname)%00%(upstream:short)%00%(objectname)%00%(upstream:track)%00%(upstream:remotename)%00%(upstream:remoteref) refs/heads/master refs/remotes/master [2ms]
2024-12-23 10:46:45.992 [info] > git for-each-ref --sort -committerdate --format %(refname) %(objectname) %(*objectname) [2ms]
2024-12-23 10:46:46.002 [info] > git status -z -uall [22ms]
2024-12-23 10:46:51.010 [info] > git config --get commit.template [1ms]
2024-12-23 10:46:51.014 [info] > git for-each-ref --format=%(refname)%00%(upstream:short)%00%(objectname)%00%(upstream:track)%00%(upstream:remotename)%00%(upstream:remoteref) refs/heads/master refs/remotes/master [2ms]
2024-12-23 10:46:51.029 [info] > git for-each-ref --sort -committerdate --format %(refname) %(objectname) %(*objectname) [6ms]
2024-12-23 10:46:51.038 [info] > git status -z -uall [22ms]
2024-12-23 10:46:56.049 [info] > git config --get commit.template [5ms]
2024-12-23 10:46:56.051 [info] > git for-each-ref --format=%(refname)%00%(upstream:short)%00%(objectname)%00%(upstream:track)%00%(upstream:remotename)%00%(upstream:remoteref) refs/heads/master refs/remotes/master [3ms]
2024-12-23 10:46:56.065 [info] > git for-each-ref --sort -committerdate --format %(refname) %(objectname) %(*objectname) [8ms]
2024-12-23 10:46:56.076 [info] > git status -z -uall [22ms]
2024-12-23 10:47:01.082 [info] > git config --get commit.template [1ms]
2024-12-23 10:47:01.087 [info] > git for-each-ref --format=%(refname)%00%(upstream:short)%00%(objectname)%00%(upstream:track)%00%(upstream:remotename)%00%(upstream:remoteref) refs/heads/master refs/remotes/master [1ms]
2024-12-23 10:47:01.099 [info] > git for-each-ref --sort -committerdate --format %(refname) %(objectname) %(*objectname) [6ms]
2024-12-23 10:47:01.110 [info] > git status -z -uall [20ms]
2024-12-23 10:47:11.104 [info] > git config --get commit.template [6ms]
2024-12-23 10:47:11.105 [info] > git for-each-ref --format=%(refname)%00%(upstream:short)%00%(objectname)%00%(upstream:track)%00%(upstream:remotename)%00%(upstream:remoteref) refs/heads/master refs/remotes/master [2ms]
2024-12-23 10:47:11.116 [info] > git for-each-ref --sort -committerdate --format %(refname) %(objectname) %(*objectname) [4ms]
2024-12-23 10:47:11.129 [info] > git status -z -uall [22ms]
2024-12-23 10:47:16.142 [info] > git for-each-ref --format=%(refname)%00%(upstream:short)%00%(objectname)%00%(upstream:track)%00%(upstream:remotename)%00%(upstream:remoteref) refs/heads/master refs/remotes/master [3ms]
2024-12-23 10:47:16.142 [info] > git config --get commit.template [6ms]
2024-12-23 10:47:16.158 [info] > git for-each-ref --sort -committerdate --format %(refname) %(objectname) %(*objectname) [10ms]
2024-12-23 10:47:16.173 [info] > git status -z -uall [29ms]
2024-12-23 10:47:21.184 [info] > git config --get commit.template [4ms]
2024-12-23 10:47:21.186 [info] > git for-each-ref --format=%(refname)%00%(upstream:short)%00%(objectname)%00%(upstream:track)%00%(upstream:remotename)%00%(upstream:remoteref) refs/heads/master refs/remotes/master [1ms]
2024-12-23 10:47:21.201 [info] > git for-each-ref --sort -committerdate --format %(refname) %(objectname) %(*objectname) [4ms]
2024-12-23 10:47:21.212 [info] > git status -z -uall [25ms]
2024-12-23 10:47:26.227 [info] > git config --get commit.template [6ms]
2024-12-23 10:47:26.229 [info] > git for-each-ref --format=%(refname)%00%(upstream:short)%00%(objectname)%00%(upstream:track)%00%(upstream:remotename)%00%(upstream:remoteref) refs/heads/master refs/remotes/master [5ms]
2024-12-23 10:47:26.245 [info] > git for-each-ref --sort -committerdate --format %(refname) %(objectname) %(*objectname) [6ms]
2024-12-23 10:47:26.258 [info] > git status -z -uall [25ms]
2024-12-23 10:47:31.268 [info] > git config --get commit.template [4ms]
2024-12-23 10:47:31.270 [info] > git for-each-ref --format=%(refname)%00%(upstream:short)%00%(objectname)%00%(upstream:track)%00%(upstream:remotename)%00%(upstream:remoteref) refs/heads/master refs/remotes/master [3ms]
2024-12-23 10:47:31.281 [info] > git for-each-ref --sort -committerdate --format %(refname) %(objectname) %(*objectname) [1ms]
2024-12-23 10:47:31.292 [info] > git status -z -uall [20ms]
2024-12-23 10:47:36.299 [info] > git config --get commit.template [1ms]
2024-12-23 10:47:36.303 [info] > git for-each-ref --format=%(refname)%00%(upstream:short)%00%(objectname)%00%(upstream:track)%00%(upstream:remotename)%00%(upstream:remoteref) refs/heads/master refs/remotes/master [1ms]
2024-12-23 10:47:36.317 [info] > git for-each-ref --sort -committerdate --format %(refname) %(objectname) %(*objectname) [1ms]
2024-12-23 10:47:36.326 [info] > git status -z -uall [21ms]
2024-12-23 10:47:41.338 [info] > git config --get commit.template [3ms]
2024-12-23 10:47:41.347 [info] > git for-each-ref --format=%(refname)%00%(upstream:short)%00%(objectname)%00%(upstream:track)%00%(upstream:remotename)%00%(upstream:remoteref) refs/heads/master refs/remotes/master [4ms]
2024-12-23 10:47:41.364 [info] > git for-each-ref --sort -committerdate --format %(refname) %(objectname) %(*objectname) [5ms]
2024-12-23 10:47:41.387 [info] > git status -z -uall [36ms]
2024-12-23 10:47:46.407 [info] > git config --get commit.template [6ms]
2024-12-23 10:47:46.407 [info] > git for-each-ref --format=%(refname)%00%(upstream:short)%00%(objectname)%00%(upstream:track)%00%(upstream:remotename)%00%(upstream:remoteref) refs/heads/master refs/remotes/master [3ms]
2024-12-23 10:47:46.429 [info] > git for-each-ref --sort -committerdate --format %(refname) %(objectname) %(*objectname) [11ms]
2024-12-23 10:47:46.450 [info] > git status -z -uall [40ms]
2024-12-23 10:47:51.468 [info] > git config --get commit.template [2ms]
2024-12-23 10:47:51.474 [info] > git for-each-ref --format=%(refname)%00%(upstream:short)%00%(objectname)%00%(upstream:track)%00%(upstream:remotename)%00%(upstream:remoteref) refs/heads/master refs/remotes/master [2ms]
2024-12-23 10:47:51.495 [info] > git for-each-ref --sort -committerdate --format %(refname) %(objectname) %(*objectname) [4ms]
2024-12-23 10:47:51.514 [info] > git status -z -uall [34ms]
2024-12-23 10:47:56.525 [info] > git config --get commit.template [2ms]
2024-12-23 10:47:56.530 [info] > git for-each-ref --format=%(refname)%00%(upstream:short)%00%(objectname)%00%(upstream:track)%00%(upstream:remotename)%00%(upstream:remoteref) refs/heads/master refs/remotes/master [1ms]
2024-12-23 10:47:56.541 [info] > git for-each-ref --sort -committerdate --format %(refname) %(objectname) %(*objectname) [4ms]
2024-12-23 10:47:56.554 [info] > git status -z -uall [21ms]
2024-12-23 10:47:57.818 [info] > git config --get commit.template [4ms]
2024-12-23 10:47:57.819 [info] > git for-each-ref --format=%(refname)%00%(upstream:short)%00%(objectname)%00%(upstream:track)%00%(upstream:remotename)%00%(upstream:remoteref) refs/heads/master refs/remotes/master [2ms]
2024-12-23 10:47:57.834 [info] > git for-each-ref --sort -committerdate --format %(refname) %(objectname) %(*objectname) [3ms]
2024-12-23 10:47:57.843 [info] > git status -z -uall [22ms]
2024-12-23 10:47:57.850 [info] > git merge-base refs/heads/master refs/remotes/origin/master [2ms]
2024-12-23 10:47:57.854 [info] > git diff --name-status -z --diff-filter=ADMR 9e39655e52c112fab3d8bdcdeae6debfeb6b8ac8...refs/remotes/origin/master [2ms]
2024-12-23 10:48:10.845 [info] > git config --get commit.template [2ms]
2024-12-23 10:48:10.849 [info] > git for-each-ref --format=%(refname)%00%(upstream:short)%00%(objectname)%00%(upstream:track)%00%(upstream:remotename)%00%(upstream:remoteref) refs/heads/master refs/remotes/master [2ms]
2024-12-23 10:48:10.860 [info] > git for-each-ref --sort -committerdate --format %(refname) %(objectname) %(*objectname) [1ms]
2024-12-23 10:48:10.871 [info] > git status -z -uall [19ms]
2024-12-23 10:48:14.562 [info] > git show --textconv :gitdemo/test1.txt [8ms]
2024-12-23 10:48:14.563 [info] > git ls-files --stage -- /home/ubuntu/gitdemo/test1.txt [4ms]
2024-12-23 10:48:14.566 [info] > git cat-file -s c1747f36c25a0c5cbe8e8fa6f2c14c3466cce5a0 [1ms]
2024-12-23 10:48:14.889 [info] > git blame --root --incremental 9e39655e52c112fab3d8bdcdeae6debfeb6b8ac8 -- /home/ubuntu/gitdemo/test1.txt [5ms]
2024-12-23 10:48:15.877 [info] > git config --get commit.template [0ms]
2024-12-23 10:48:15.883 [info] > git for-each-ref --format=%(refname)%00%(upstream:short)%00%(objectname)%00%(upstream:track)%00%(upstream:remotename)%00%(upstream:remoteref) refs/heads/master refs/remotes/master [4ms]
2024-12-23 10:48:15.895 [info] > git for-each-ref --sort -committerdate --format %(refname) %(objectname) %(*objectname) [2ms]
2024-12-23 10:48:15.907 [info] > git status -z -uall [22ms]
2024-12-23 10:48:16.099 [info] > git show --textconv :gitdemo/test2.txt [6ms]
2024-12-23 10:48:16.100 [info] > git ls-files --stage -- /home/ubuntu/gitdemo/test2.txt [3ms]
2024-12-23 10:48:16.104 [info] > git cat-file -s c3e3d632ad3668a9580da8c860700ee8e3f7ebe2 [1ms]
2024-12-23 10:48:16.366 [info] > git blame --root --incremental 9e39655e52c112fab3d8bdcdeae6debfeb6b8ac8 -- /home/ubuntu/gitdemo/test2.txt [2ms]
2024-12-23 10:48:20.918 [info] > git config --get commit.template [3ms]
2024-12-23 10:48:20.920 [info] > git for-each-ref --format=%(refname)%00%(upstream:short)%00%(objectname)%00%(upstream:track)%00%(upstream:remotename)%00%(upstream:remoteref) refs/heads/master refs/remotes/master [3ms]
2024-12-23 10:48:20.933 [info] > git for-each-ref --sort -committerdate --format %(refname) %(objectname) %(*objectname) [2ms]
2024-12-23 10:48:20.943 [info] > git status -z -uall [20ms]
2024-12-23 10:48:25.952 [info] > git config --get commit.template [4ms]
2024-12-23 10:48:25.953 [info] > git for-each-ref --format=%(refname)%00%(upstream:short)%00%(objectname)%00%(upstream:track)%00%(upstream:remotename)%00%(upstream:remoteref) refs/heads/master refs/remotes/master [1ms]
2024-12-23 10:48:25.966 [info] > git for-each-ref --sort -committerdate --format %(refname) %(objectname) %(*objectname) [6ms]
2024-12-23 10:48:25.977 [info] > git status -z -uall [21ms]
2024-12-23 10:48:30.984 [info] > git config --get commit.template [1ms]
2024-12-23 10:48:30.988 [info] > git for-each-ref --format=%(refname)%00%(upstream:short)%00%(objectname)%00%(upstream:track)%00%(upstream:remotename)%00%(upstream:remoteref) refs/heads/master refs/remotes/master [0ms]
2024-12-23 10:48:31.003 [info] > git for-each-ref --sort -committerdate --format %(refname) %(objectname) %(*objectname) [4ms]
2024-12-23 10:48:31.014 [info] > git status -z -uall [23ms]
2024-12-23 10:48:36.022 [info] > git config --get commit.template [1ms]
2024-12-23 10:48:36.026 [info] > git for-each-ref --format=%(refname)%00%(upstream:short)%00%(objectname)%00%(upstream:track)%00%(upstream:remotename)%00%(upstream:remoteref) refs/heads/master refs/remotes/master [1ms]
2024-12-23 10:48:36.037 [info] > git for-each-ref --sort -committerdate --format %(refname) %(objectname) %(*objectname) [6ms]
2024-12-23 10:48:36.050 [info] > git status -z -uall [21ms]
2024-12-23 10:48:41.060 [info] > git config --get commit.template [3ms]
2024-12-23 10:48:41.066 [info] > git for-each-ref --format=%(refname)%00%(upstream:short)%00%(objectname)%00%(upstream:track)%00%(upstream:remotename)%00%(upstream:remoteref) refs/heads/master refs/remotes/master [0ms]
2024-12-23 10:48:41.083 [info] > git for-each-ref --sort -committerdate --format %(refname) %(objectname) %(*objectname) [4ms]
2024-12-23 10:48:41.095 [info] > git status -z -uall [24ms]
2024-12-23 10:48:46.102 [info] > git config --get commit.template [0ms]
2024-12-23 10:48:46.106 [info] > git for-each-ref --format=%(refname)%00%(upstream:short)%00%(objectname)%00%(upstream:track)%00%(upstream:remotename)%00%(upstream:remoteref) refs/heads/master refs/remotes/master [1ms]
2024-12-23 10:48:46.119 [info] > git for-each-ref --sort -committerdate --format %(refname) %(objectname) %(*objectname) [1ms]
2024-12-23 10:48:46.131 [info] > git status -z -uall [23ms]
2024-12-23 10:48:51.140 [info] > git config --get commit.template [3ms]
2024-12-23 10:48:51.145 [info] > git for-each-ref --format=%(refname)%00%(upstream:short)%00%(objectname)%00%(upstream:track)%00%(upstream:remotename)%00%(upstream:remoteref) refs/heads/master refs/remotes/master [3ms]
2024-12-23 10:48:51.159 [info] > git for-each-ref --sort -committerdate --format %(refname) %(objectname) %(*objectname) [3ms]
2024-12-23 10:48:51.169 [info] > git status -z -uall [22ms]
2024-12-23 10:48:56.177 [info] > git config --get commit.template [1ms]
2024-12-23 10:48:56.181 [info] > git for-each-ref --format=%(refname)%00%(upstream:short)%00%(objectname)%00%(upstream:track)%00%(upstream:remotename)%00%(upstream:remoteref) refs/heads/master refs/remotes/master [2ms]
2024-12-23 10:48:56.195 [info] > git for-each-ref --sort -committerdate --format %(refname) %(objectname) %(*objectname) [3ms]
2024-12-23 10:48:56.205 [info] > git status -z -uall [22ms]
2024-12-23 10:49:01.213 [info] > git config --get commit.template [1ms]
2024-12-23 10:49:01.217 [info] > git for-each-ref --format=%(refname)%00%(upstream:short)%00%(objectname)%00%(upstream:track)%00%(upstream:remotename)%00%(upstream:remoteref) refs/heads/master refs/remotes/master [1ms]
2024-12-23 10:49:01.232 [info] > git for-each-ref --sort -committerdate --format %(refname) %(objectname) %(*objectname) [6ms]
2024-12-23 10:49:01.242 [info] > git status -z -uall [22ms]
2024-12-23 10:49:06.250 [info] > git config --get commit.template [1ms]
2024-12-23 10:49:06.256 [info] > git for-each-ref --format=%(refname)%00%(upstream:short)%00%(objectname)%00%(upstream:track)%00%(upstream:remotename)%00%(upstream:remoteref) refs/heads/master refs/remotes/master [3ms]
2024-12-23 10:49:06.269 [info] > git for-each-ref --sort -committerdate --format %(refname) %(objectname) %(*objectname) [7ms]
2024-12-23 10:49:06.279 [info] > git status -z -uall [21ms]
2024-12-23 10:49:11.288 [info] > git config --get commit.template [4ms]
2024-12-23 10:49:11.289 [info] > git for-each-ref --format=%(refname)%00%(upstream:short)%00%(objectname)%00%(upstream:track)%00%(upstream:remotename)%00%(upstream:remoteref) refs/heads/master refs/remotes/master [1ms]
2024-12-23 10:49:11.300 [info] > git for-each-ref --sort -committerdate --format %(refname) %(objectname) %(*objectname) [6ms]
2024-12-23 10:49:11.311 [info] > git status -z -uall [19ms]
2024-12-23 10:49:16.319 [info] > git config --get commit.template [1ms]
2024-12-23 10:49:16.322 [info] > git for-each-ref --format=%(refname)%00%(upstream:short)%00%(objectname)%00%(upstream:track)%00%(upstream:remotename)%00%(upstream:remoteref) refs/heads/master refs/remotes/master [1ms]
2024-12-23 10:49:16.334 [info] > git for-each-ref --sort -committerdate --format %(refname) %(objectname) %(*objectname) [1ms]
2024-12-23 10:49:16.346 [info] > git status -z -uall [21ms]
2024-12-23 10:50:11.398 [info] > git config --get commit.template [4ms]
2024-12-23 10:50:11.400 [info] > git for-each-ref --format=%(refname)%00%(upstream:short)%00%(objectname)%00%(upstream:track)%00%(upstream:remotename)%00%(upstream:remoteref) refs/heads/master refs/remotes/master [3ms]
2024-12-23 10:50:11.415 [info] > git for-each-ref --sort -committerdate --format %(refname) %(objectname) %(*objectname) [4ms]
2024-12-23 10:50:11.425 [info] > git status -z -uall [22ms]
2024-12-23 10:50:11.685 [info] > git config --get commit.template [4ms]
2024-12-23 10:50:11.686 [info] > git for-each-ref --format=%(refname)%00%(upstream:short)%00%(objectname)%00%(upstream:track)%00%(upstream:remotename)%00%(upstream:remoteref) refs/heads/master refs/remotes/master [2ms]
2024-12-23 10:50:11.699 [info] > git for-each-ref --sort -committerdate --format %(refname) %(objectname) %(*objectname) [1ms]
2024-12-23 10:50:11.713 [info] > git status -z -uall [24ms]
2024-12-23 10:50:44.787 [info] > git config --get commit.template [4ms]
2024-12-23 10:50:44.789 [info] > git for-each-ref --format=%(refname)%00%(upstream:short)%00%(objectname)%00%(upstream:track)%00%(upstream:remotename)%00%(upstream:remoteref) refs/heads/master refs/remotes/master [3ms]
2024-12-23 10:50:44.803 [info] > git for-each-ref --sort -committerdate --format %(refname) %(objectname) %(*objectname) [8ms]
2024-12-23 10:50:44.812 [info] > git status -z -uall [21ms]
2024-12-23 10:51:06.413 [info] > git config --get commit.template [4ms]
2024-12-23 10:51:06.414 [info] > git for-each-ref --format=%(refname)%00%(upstream:short)%00%(objectname)%00%(upstream:track)%00%(upstream:remotename)%00%(upstream:remoteref) refs/heads/master refs/remotes/master [2ms]
2024-12-23 10:51:06.425 [info] > git for-each-ref --sort -committerdate --format %(refname) %(objectname) %(*objectname) [5ms]
2024-12-23 10:51:06.437 [info] > git status -z -uall [21ms]
2024-12-23 10:51:11.444 [info] > git config --get commit.template [2ms]
2024-12-23 10:51:11.448 [info] > git for-each-ref --format=%(refname)%00%(upstream:short)%00%(objectname)%00%(upstream:track)%00%(upstream:remotename)%00%(upstream:remoteref) refs/heads/master refs/remotes/master [2ms]
2024-12-23 10:51:11.462 [info] > git for-each-ref --sort -committerdate --format %(refname) %(objectname) %(*objectname) [5ms]
2024-12-23 10:51:11.472 [info] > git status -z -uall [22ms]
